<?xml version="1.0" encoding="UTF-8"?>
<testsuite name="com.learnwiremock.service.MoviesRestClientTest" tests="9" skipped="0" failures="0" errors="0" timestamp="2019-08-26T00:10:19" hostname="Dilips-MacBook-Pro.local" time="0.765">
  <properties/>
  <testcase name="retrieveMovieById_notFound()" classname="com.learnwiremock.service.MoviesRestClientTest" time="0.642"/>
  <testcase name="addMovie()" classname="com.learnwiremock.service.MoviesRestClientTest" time="0.04"/>
  <testcase name="retrieveMovieById()" classname="com.learnwiremock.service.MoviesRestClientTest" time="0.007"/>
  <testcase name="retrieveMoviebyName_Not_Found()" classname="com.learnwiremock.service.MoviesRestClientTest" time="0.011"/>
  <testcase name="addMovie_badRequest()" classname="com.learnwiremock.service.MoviesRestClientTest" time="0.009"/>
  <testcase name="retrieveMoviebyYear_not_found()" classname="com.learnwiremock.service.MoviesRestClientTest" time="0.019"/>
  <testcase name="retrieveMoviebyName()" classname="com.learnwiremock.service.MoviesRestClientTest" time="0.008"/>
  <testcase name="retrieveMoviebyYear()" classname="com.learnwiremock.service.MoviesRestClientTest" time="0.008"/>
  <testcase name="retrieveAllMovies()" classname="com.learnwiremock.service.MoviesRestClientTest" time="0.014"/>
  <system-out><![CDATA[Movie(movie_id=27, name=Toys Story 4, cast=Tom Hanks, Tim Allen, year=2019, release_date=2019-06-20)
movieList : [Movie(movie_id=1, name=Batman Begins, cast=Christian Bale, Katie Holmes , Liam Neeson, year=2005, release_date=2005-06-15), Movie(movie_id=2, name=Dark Knight, cast=Christian Bale, Heath Ledger , Michael Caine, year=2008, release_date=2008-07-18), Movie(movie_id=3, name=The Dark Knight Rises, cast=Christian Bale, Heath Ledger , Michael Caine, year=2012, release_date=2012-07-20), Movie(movie_id=4, name=The Avengers, cast=Robert Downey Jr, Chris Evans , Chris HemsWorth, year=2012, release_date=2012-05-04), Movie(movie_id=5, name=Avengers: Age of Ultron, cast=Robert Downey Jr, Chris Evans , Chris HemsWorth, year=2015, release_date=2015-05-01), Movie(movie_id=6, name=Avengers: Infinity War, cast=Robert Downey Jr, Chris Evans , Chris HemsWorth, year=2018, release_date=2018-04-27), Movie(movie_id=7, name=Avengers: End Game, cast=Robert Downey Jr, Chris Evans , Chris HemsWorth, year=2019, release_date=2019-04-26), Movie(movie_id=8, name=The Hangover, cast=Bradley Cooper, Ed Helms , Zach Galifianakis, year=2009, release_date=2009-06-05), Movie(movie_id=9, name=The Imitation Game, cast=Benedict Cumberbatch, Keira Knightley, year=2014, release_date=2014-12-25), Movie(movie_id=10, name=The Departed, cast=Leonardo DiCaprio, Matt Damon , Mark Wahlberg, year=2006, release_date=2006-10-06), Movie(movie_id=11, name=Batman Begins1, cast=Christian Bale, Katie Holmes , Liam Neeson, year=2100, release_date=2100-06-15), Movie(movie_id=12, name=Batman Begins 12, cast=Christian Bale, Katie Holmes , Liam Neeson, year=2100, release_date=2100-06-15), Movie(movie_id=13, name=Batman Begins 12, cast=Christian Bale, Katie Holmes , Liam Neeson, year=2100, release_date=2100-06-15), Movie(movie_id=14, name=Toys Story 4, cast=Tom Hanks, Tim Allen, year=2019, release_date=2019-06-20), Movie(movie_id=15, name=Toys Story 4, cast=Tom Hanks, Tim Allen, year=2019, release_date=2019-06-20), Movie(movie_id=16, name=Toys Story 4, cast=Tom Hanks, Tim Allen, year=2019, release_date=2019-06-20), Movie(movie_id=17, name=Toys Story 4, cast=Tom Hanks, Tim Allen, year=2019, release_date=2019-06-20), Movie(movie_id=18, name=Toys Story 4, cast=Tom Hanks, Tim Allen, year=2019, release_date=2019-06-20), Movie(movie_id=19, name=Toys Story 4, cast=Tom Hanks, Tim Allen, year=2019, release_date=2019-06-20), Movie(movie_id=20, name=Toys Story 4, cast=Tom Hanks, Tim Allen, year=2019, release_date=2019-06-20), Movie(movie_id=21, name=Toys Story 4, cast=Tom Hanks, Tim Allen, year=2019, release_date=2019-06-20), Movie(movie_id=22, name=Toys Story 4, cast=Tom Hanks, Tim Allen, year=2019, release_date=2019-06-20), Movie(movie_id=23, name=Toys Story 4, cast=Tom Hanks, Tim Allen, year=2019, release_date=2019-06-20), Movie(movie_id=24, name=Toys Story 4, cast=Tom Hanks, Tim Allen, year=2019, release_date=2019-06-20), Movie(movie_id=25, name=Toys Story 4, cast=Tom Hanks, Tim Allen, year=2019, release_date=2019-06-20), Movie(movie_id=26, name=Toys Story 4, cast=Tom Hanks, Tim Allen, year=2019, release_date=2019-06-20), Movie(movie_id=27, name=Toys Story 4, cast=Tom Hanks, Tim Allen, year=2019, release_date=2019-06-20)]
]]></system-out>
  <system-err><![CDATA[[Test worker] ERROR com.learnwiremock.service.MoviesRestClient - WebClientResponseException in retrieveMovieById. Status code is 404 and the message is {"timestamp":"2019-08-26T00:10:20.136+0000","status":404,"error":"Not Found","message":"No Movie Available with the given Id - 100","path":"/movieservice/v1/movie/100"} 
[Test worker] ERROR com.learnwiremock.service.MoviesRestClient - WebClientResponseException in retrieveMoviebyName. Status code is 404 and the message is {"timestamp":"2019-08-26T00:10:20.275+0000","status":404,"error":"Not Found","message":"No Movie Available with the given name - ABC","path":"/movieservice/v1/movieName"} 
[Test worker] ERROR com.learnwiremock.service.MoviesRestClient - WebClientResponseException in addMovie. Status code is 400 and the message is Please pass all the input fields : [name] 
[Test worker] ERROR com.learnwiremock.service.MoviesRestClient - WebClientResponseException in retrieveMoviebyYear. Status code is 404 and the message is {"timestamp":"2019-08-26T00:10:20.306+0000","status":404,"error":"Not Found","message":"No Movie Available with the given year - 1950","path":"/movieservice/v1/movieYear"} 
]]></system-err>
</testsuite>
