<?xml version="1.0" encoding="UTF-8"?>
<testsuite name="com.learnwiremock.service.MoviesRestClientTest" tests="21" skipped="0" failures="0" errors="0" timestamp="2019-09-06T10:25:01" hostname="Dilips-MacBook-Pro.local" time="2.072">
  <properties/>
  <testcase name="retrieveMovieByYear_Not_Found()" classname="com.learnwiremock.service.MoviesRestClientTest" time="1.233"/>
  <testcase name="deleteMovieByName_NotFound()" classname="com.learnwiremock.service.MoviesRestClientTest" time="0.042"/>
  <testcase name="deleteMovieByName()" classname="com.learnwiremock.service.MoviesRestClientTest" time="0.167"/>
  <testcase name="retrieveMovieById_withResponseTemplating()" classname="com.learnwiremock.service.MoviesRestClientTest" time="0.045"/>
  <testcase name="retrieveMovieById_NotFound()" classname="com.learnwiremock.service.MoviesRestClientTest" time="0.036"/>
  <testcase name="deleteMovie()" classname="com.learnwiremock.service.MoviesRestClientTest" time="0.062"/>
  <testcase name="updateMovie_Not_Found()" classname="com.learnwiremock.service.MoviesRestClientTest" time="0.031"/>
  <testcase name="deleteMovie_notFound()" classname="com.learnwiremock.service.MoviesRestClientTest" time="0.034"/>
  <testcase name="retrieveMovieById()" classname="com.learnwiremock.service.MoviesRestClientTest" time="0.028"/>
  <testcase name="getAllMovies()" classname="com.learnwiremock.service.MoviesRestClientTest" time="0.05"/>
  <testcase name="updateMovie()" classname="com.learnwiremock.service.MoviesRestClientTest" time="0.029"/>
  <testcase name="getAllMovies_matchUrlPath()" classname="com.learnwiremock.service.MoviesRestClientTest" time="0.03"/>
  <testcase name="retrieveMovieByName_Not_Found()" classname="com.learnwiremock.service.MoviesRestClientTest" time="0.026"/>
  <testcase name="retrieveMovieByYear()" classname="com.learnwiremock.service.MoviesRestClientTest" time="0.024"/>
  <testcase name="addNewMovie()" classname="com.learnwiremock.service.MoviesRestClientTest" time="0.025"/>
  <testcase name="addNewMovie_matchingJsonAttributeValue()" classname="com.learnwiremock.service.MoviesRestClientTest" time="0.026"/>
  <testcase name="retrieveMovieById_WithPriority()" classname="com.learnwiremock.service.MoviesRestClientTest" time="0.037"/>
  <testcase name="addNewMovie_wholeBodyEqual()" classname="com.learnwiremock.service.MoviesRestClientTest" time="0.026"/>
  <testcase name="retrieveMovieByName_urlPathEqualTo()" classname="com.learnwiremock.service.MoviesRestClientTest" time="0.025"/>
  <testcase name="retrieveMovieByName_UrlEqualTo()" classname="com.learnwiremock.service.MoviesRestClientTest" time="0.023"/>
  <testcase name="addNewMovie_InvlaidInput()" classname="com.learnwiremock.service.MoviesRestClientTest" time="0.021"/>
  <system-out><![CDATA[2019-09-06 05:25:01.068 Verbose logging enabled
2019-09-06 05:25:02.044 Received request to /mappings with body {
  "id" : "8e86c1b4-ee4c-4005-ac66-a8792fa99b26",
  "request" : {
    "url" : "/movieservice/v1/movieYear?year=1950",
    "method" : "GET",
    "queryParameters" : {
      "year" : {
        "equalTo" : "1950"
      }
    }
  },
  "response" : {
    "status" : 404,
    "bodyFileName" : "404.json",
    "headers" : {
      "Content-Type" : "application/json"
    }
  },
  "uuid" : "8e86c1b4-ee4c-4005-ac66-a8792fa99b26"
}
2019-09-06 05:25:02.747 Verbose logging enabled
2019-09-06 05:25:02.756 Received request to /mappings with body {
  "id" : "9c4d7d01-ac18-4c08-a8aa-f0750a41cb15",
  "request" : {
    "urlPathPattern" : "/movieservice/v1/movieName/.*",
    "method" : "DELETE"
  },
  "response" : {
    "status" : 500
  },
  "uuid" : "9c4d7d01-ac18-4c08-a8aa-f0750a41cb15"
}
2019-09-06 05:25:02.787 Request received:
127.0.0.1 - DELETE /movieservice/v1/movieName/ABC

User-Agent: [ReactorNetty/0.8.9.RELEASE]
Host: [localhost:8088]
Accept-Encoding: [gzip]
Accept: [*/*]



Matched response definition:
{
  "status" : 500
}

Response:
HTTP/1.1 500
Matched-Stub-Id: [9c4d7d01-ac18-4c08-a8aa-f0750a41cb15]


2019-09-06 05:25:02.792 Verbose logging enabled
2019-09-06 05:25:02.804 Received request to /mappings with body {
  "id" : "0c040439-efbe-446b-9d3e-040b28e83dd2",
  "request" : {
    "urlPath" : "/movieservice/v1/movie",
    "method" : "POST",
    "bodyPatterns" : [ {
      "matchesJsonPath" : {
        "expression" : "$.name",
        "equalTo" : "Toy Story 5"
      }
    } ]
  },
  "response" : {
    "status" : 201,
    "bodyFileName" : "toystory.json",
    "headers" : {
      "Content-Type" : "application/json"
    }
  },
  "uuid" : "0c040439-efbe-446b-9d3e-040b28e83dd2"
}
2019-09-06 05:25:02.822 Received request to /mappings with body {
  "id" : "c238f229-0e2b-4a4f-b145-7ff02bc0d6ea",
  "request" : {
    "urlPathPattern" : "/movieservice/v1/movieName/.*",
    "method" : "DELETE"
  },
  "response" : {
    "status" : 200
  },
  "uuid" : "c238f229-0e2b-4a4f-b145-7ff02bc0d6ea"
}
2019-09-06 05:25:02.898 Request received:
127.0.0.1 - POST /movieservice/v1/movie

User-Agent: [ReactorNetty/0.8.9.RELEASE]
Host: [localhost:8088]
Accept-Encoding: [gzip]
Accept: [*/*]
Content-Length: [107]
Content-Type: [application/json;charset=UTF-8]
{"movie_id":null,"name":"Toy Story 5","year":2019,"cast":"Tom Hanks, Tim Allen","release_date":[2019,6,20]}


Matched response definition:
{
  "status" : 201,
  "body" : "{\n  \"movie_id\": 11,\n  \"name\": \"Toy Story 4\",\n  \"year\": 2019,\n  \"cast\": \"Tom Hanks, Tim Allen\",\n  \"release_date\": \"2019-06-20\"\n}",
  "bodyFileName" : "toystory.json",
  "headers" : {
    "Content-Type" : "application/json"
  }
}

Response:
HTTP/1.1 201
Content-Type: [application/json]
Matched-Stub-Id: [0c040439-efbe-446b-9d3e-040b28e83dd2]


2019-09-06 05:25:02.943 Request received:
127.0.0.1 - DELETE /movieservice/v1/movieName/Toy%20Story%204

User-Agent: [ReactorNetty/0.8.9.RELEASE]
Host: [localhost:8088]
Accept-Encoding: [gzip]
Accept: [*/*]



Matched response definition:
{
  "status" : 200
}

Response:
HTTP/1.1 200
Matched-Stub-Id: [c238f229-0e2b-4a4f-b145-7ff02bc0d6ea]


2019-09-06 05:25:02.950 Received request to /requests/count with body {
  "urlPath" : "/movieservice/v1/movie",
  "method" : "POST",
  "bodyPatterns" : [ {
    "matchesJsonPath" : {
      "expression" : "$.name",
      "equalTo" : "Toy Story 5"
    }
  } ]
}
2019-09-06 05:25:02.952 Warning: JSON path expression '$.name' failed to match document '' because of error 'json string can not be null or empty'
2019-09-06 05:25:02.958 Received request to /requests/count with body {
  "urlPathPattern" : "/movieservice/v1/movieName/.*",
  "method" : "DELETE"
}
2019-09-06 05:25:02.963 Verbose logging enabled
2019-09-06 05:25:02.972 Received request to /mappings with body {
  "id" : "9543cfa8-009d-418b-9edc-85dda5ac8d1f",
  "request" : {
    "urlPathPattern" : "/movieservice/v1/movie/[0-9]+",
    "method" : "GET"
  },
  "response" : {
    "status" : 200,
    "bodyFileName" : "movie-template.json",
    "headers" : {
      "Content-Type" : "application/json"
    }
  },
  "uuid" : "9543cfa8-009d-418b-9edc-85dda5ac8d1f"
}
2019-09-06 05:25:03.004 Request received:
127.0.0.1 - GET /movieservice/v1/movie/200

User-Agent: [ReactorNetty/0.8.9.RELEASE]
Host: [localhost:8088]
Accept-Encoding: [gzip]
Accept: [*/*]



Matched response definition:
{
  "status" : 200,
  "body" : "{\n  \"movie_id\": \"200\",\n  \"name\": \"Batman Begins\",\n  \"year\": 2005,\n  \"cast\": \"Christian Bale, Katie Holmes , Liam Neeson\",\n  \"release_date\": \"2005-06-15\"\n}",
  "bodyFileName" : "movie-template.json",
  "headers" : {
    "Content-Type" : "application/json"
  }
}

Response:
HTTP/1.1 200
Content-Type: [application/json]
Matched-Stub-Id: [9543cfa8-009d-418b-9edc-85dda5ac8d1f]


2019-09-06 05:25:03.011 Verbose logging enabled
2019-09-06 05:25:03.019 Received request to /mappings with body {
  "id" : "8e619171-0dce-445d-a529-7b6f0a10f6ac",
  "request" : {
    "urlPathPattern" : "/movieservice/v1/movie/([0-9]+)",
    "method" : "GET"
  },
  "response" : {
    "status" : 404,
    "bodyFileName" : "404-movieId.json"
  },
  "uuid" : "8e619171-0dce-445d-a529-7b6f0a10f6ac"
}
2019-09-06 05:25:03.044 Request received:
127.0.0.1 - GET /movieservice/v1/movie/100

User-Agent: [ReactorNetty/0.8.9.RELEASE]
Host: [localhost:8088]
Accept-Encoding: [gzip]
Accept: [*/*]



Matched response definition:
{
  "status" : 404,
  "body" : "{\n  \"timestamp\": \"2019-09-06T10:25:03Z\",\n  \"status\": 404,\n  \"error\": \"Not Found\",\n  \"message\": \"No Movie Available with the given Id - 100\",\n  \"path\": \"/movieservice/v1/movie/100\"\n}",
  "bodyFileName" : "404-movieId.json"
}

Response:
HTTP/1.1 404
Matched-Stub-Id: [8e619171-0dce-445d-a529-7b6f0a10f6ac]


2019-09-06 05:25:03.050 Verbose logging enabled
2019-09-06 05:25:03.058 Received request to /mappings with body {
  "id" : "7cfe1e28-f34e-4c38-9927-b35917d04051",
  "request" : {
    "urlPath" : "/movieservice/v1/movie",
    "method" : "POST",
    "bodyPatterns" : [ {
      "matchesJsonPath" : {
        "expression" : "$.name",
        "equalTo" : "Toy Story 4"
      }
    } ]
  },
  "response" : {
    "status" : 201,
    "bodyFileName" : "toystory.json",
    "headers" : {
      "Content-Type" : "application/json"
    }
  },
  "uuid" : "7cfe1e28-f34e-4c38-9927-b35917d04051"
}
2019-09-06 05:25:03.076 Received request to /mappings with body {
  "id" : "a5ba90a7-03f7-46ee-8ad0-2dba454ac519",
  "request" : {
    "urlPathPattern" : "/movieservice/v1/movie/([0-9][0-9])",
    "method" : "DELETE"
  },
  "response" : {
    "status" : 200,
    "body" : "Movie Deleted Successfully"
  },
  "uuid" : "a5ba90a7-03f7-46ee-8ad0-2dba454ac519"
}
2019-09-06 05:25:03.100 Request received:
127.0.0.1 - POST /movieservice/v1/movie

User-Agent: [ReactorNetty/0.8.9.RELEASE]
Host: [localhost:8088]
Accept-Encoding: [gzip]
Accept: [*/*]
Content-Length: [107]
Content-Type: [application/json;charset=UTF-8]
{"movie_id":null,"name":"Toy Story 4","year":2019,"cast":"Tom Hanks, Tim Allen","release_date":[2019,6,20]}


Matched response definition:
{
  "status" : 201,
  "body" : "{\n  \"movie_id\": 11,\n  \"name\": \"Toy Story 4\",\n  \"year\": 2019,\n  \"cast\": \"Tom Hanks, Tim Allen\",\n  \"release_date\": \"2019-06-20\"\n}",
  "bodyFileName" : "toystory.json",
  "headers" : {
    "Content-Type" : "application/json"
  }
}

Response:
HTTP/1.1 201
Content-Type: [application/json]
Matched-Stub-Id: [7cfe1e28-f34e-4c38-9927-b35917d04051]


2019-09-06 05:25:03.108 Request received:
127.0.0.1 - DELETE /movieservice/v1/movie/11

User-Agent: [ReactorNetty/0.8.9.RELEASE]
Host: [localhost:8088]
Accept-Encoding: [gzip]
Accept: [*/*]



Matched response definition:
{
  "status" : 200,
  "body" : "Movie Deleted Successfully"
}

Response:
HTTP/1.1 200
Matched-Stub-Id: [a5ba90a7-03f7-46ee-8ad0-2dba454ac519]


2019-09-06 05:25:03.114 Verbose logging enabled
2019-09-06 05:25:03.124 Received request to /mappings with body {
  "id" : "048953a3-f378-4a75-8a08-9694ae416411",
  "request" : {
    "urlPathPattern" : "/movieservice/v1/movie/([0-9][0-9][0-9])",
    "method" : "PUT",
    "bodyPatterns" : [ {
      "matchesJsonPath" : {
        "expression" : "$.cast",
        "equalTo" : "Tom Hardy"
      }
    } ]
  },
  "response" : {
    "status" : 404,
    "headers" : {
      "Content-Type" : "application/json"
    }
  },
  "uuid" : "048953a3-f378-4a75-8a08-9694ae416411"
}
2019-09-06 05:25:03.143 Request received:
127.0.0.1 - PUT /movieservice/v1/movie/100

User-Agent: [ReactorNetty/0.8.9.RELEASE]
Host: [localhost:8088]
Accept-Encoding: [gzip]
Accept: [*/*]
Content-Length: [80]
Content-Type: [application/json;charset=UTF-8]
{"movie_id":null,"name":null,"year":null,"cast":"Tom Hardy","release_date":null}


Matched response definition:
{
  "status" : 404,
  "headers" : {
    "Content-Type" : "application/json"
  }
}

Response:
HTTP/1.1 404
Content-Type: [application/json]
Matched-Stub-Id: [048953a3-f378-4a75-8a08-9694ae416411]


2019-09-06 05:25:03.148 Verbose logging enabled
2019-09-06 05:25:03.164 Received request to /mappings with body {
  "id" : "e4697fb4-0164-48a8-9bd9-812a63cd13e9",
  "request" : {
    "urlPathPattern" : "/movieservice/v1/movie/([0-9][0-9][0-9])",
    "method" : "DELETE"
  },
  "response" : {
    "status" : 404
  },
  "uuid" : "e4697fb4-0164-48a8-9bd9-812a63cd13e9"
}
2019-09-06 05:25:03.181 Request received:
127.0.0.1 - DELETE /movieservice/v1/movie/100

User-Agent: [ReactorNetty/0.8.9.RELEASE]
Host: [localhost:8088]
Accept-Encoding: [gzip]
Accept: [*/*]



Matched response definition:
{
  "status" : 404
}

Response:
HTTP/1.1 404
Matched-Stub-Id: [e4697fb4-0164-48a8-9bd9-812a63cd13e9]


2019-09-06 05:25:03.186 Verbose logging enabled
2019-09-06 05:25:03.194 Received request to /mappings with body {
  "id" : "af0c0d38-a290-42cb-9410-2e49a18206af",
  "request" : {
    "urlPathPattern" : "/movieservice/v1/movie/[0-9]",
    "method" : "GET"
  },
  "response" : {
    "status" : 200,
    "bodyFileName" : "movie.json",
    "headers" : {
      "Content-Type" : "application/json"
    }
  },
  "uuid" : "af0c0d38-a290-42cb-9410-2e49a18206af"
}
2019-09-06 05:25:03.211 Request received:
127.0.0.1 - GET /movieservice/v1/movie/1

User-Agent: [ReactorNetty/0.8.9.RELEASE]
Host: [localhost:8088]
Accept-Encoding: [gzip]
Accept: [*/*]



Matched response definition:
{
  "status" : 200,
  "body" : "{\n  \"movie_id\": 1,\n  \"name\": \"Batman Begins\",\n  \"year\": 2005,\n  \"cast\": \"Christian Bale, Katie Holmes , Liam Neeson\",\n  \"release_date\": \"2005-06-15\"\n}",
  "bodyFileName" : "movie.json",
  "headers" : {
    "Content-Type" : "application/json"
  }
}

Response:
HTTP/1.1 200
Content-Type: [application/json]
Matched-Stub-Id: [af0c0d38-a290-42cb-9410-2e49a18206af]


2019-09-06 05:25:03.216 Verbose logging enabled
2019-09-06 05:25:03.224 Received request to /mappings with body {
  "id" : "cb180d00-5ddf-4ed4-a161-f0470a16f74f",
  "request" : {
    "method" : "GET"
  },
  "response" : {
    "status" : 200,
    "bodyFileName" : "all-movies.json",
    "headers" : {
      "Content-Type" : "application/json"
    }
  },
  "uuid" : "cb180d00-5ddf-4ed4-a161-f0470a16f74f"
}
2019-09-06 05:25:03.260 Request received:
127.0.0.1 - GET /movieservice/v1/allMovies

User-Agent: [ReactorNetty/0.8.9.RELEASE]
Host: [localhost:8088]
Accept-Encoding: [gzip]
Accept: [*/*]



Matched response definition:
{
  "status" : 200,
  "body" : "[\n  {\n    \"movie_id\": 1,\n    \"name\": \"Batman Begins\",\n    \"year\": 2005,\n    \"cast\": \"Christian Bale, Katie Holmes , Liam Neeson\",\n    \"release_date\": \"2005-06-15\"\n  },\n  {\n    \"movie_id\": 2,\n    \"name\": \"Dark Knight\",\n    \"year\": 2008,\n    \"cast\": \"Christian Bale, Heath Ledger , Michael Caine\",\n    \"release_date\": \"2008-07-18\"\n  },\n  {\n    \"movie_id\": 3,\n    \"name\": \"The Dark Knight Rises\",\n    \"year\": 2012,\n    \"cast\": \"Christian Bale, Heath Ledger , Michael Caine\",\n    \"release_date\": \"2012-07-20\"\n  },\n  {\n    \"movie_id\": 4,\n    \"name\": \"The Avengers\",\n    \"year\": 2012,\n    \"cast\": \"Robert Downey Jr, Chris Evans , Chris HemsWorth\",\n    \"release_date\": \"2012-05-04\"\n  },\n  {\n    \"movie_id\": 5,\n    \"name\": \"Avengers: Age of Ultron\",\n    \"year\": 2015,\n    \"cast\": \"Robert Downey Jr, Chris Evans , Chris HemsWorth\",\n    \"release_date\": \"2015-05-01\"\n  },\n  {\n    \"movie_id\": 6,\n    \"name\": \"Avengers: Infinity War\",\n    \"year\": 2018,\n    \"cast\": \"Robert Downey Jr, Chris Evans , Chris HemsWorth\",\n    \"release_date\": \"2018-04-27\"\n  },\n  {\n    \"movie_id\": 7,\n    \"name\": \"Avengers: End Game\",\n    \"year\": 2019,\n    \"cast\": \"Robert Downey Jr, Chris Evans , Chris HemsWorth\",\n    \"release_date\": \"2019-04-26\"\n  },\n  {\n    \"movie_id\": 8,\n    \"name\": \"The Hangover\",\n    \"year\": 2009,\n    \"cast\": \"Bradley Cooper, Ed Helms , Zach Galifianakis\",\n    \"release_date\": \"2009-06-05\"\n  },\n  {\n    \"movie_id\": 9,\n    \"name\": \"The Imitation Game\",\n    \"year\": 2014,\n    \"cast\": \"Benedict Cumberbatch, Keira Knightley\",\n    \"release_date\": \"2014-12-25\"\n  },\n  {\n    \"movie_id\": 10,\n    \"name\": \"The Departed\",\n    \"year\": 2006,\n    \"cast\": \"Leonardo DiCaprio, Matt Damon , Mark Wahlberg\",\n    \"release_date\": \"2006-10-06\"\n  }\n]",
  "bodyFileName" : "all-movies.json",
  "headers" : {
    "Content-Type" : "application/json"
  }
}

Response:
HTTP/1.1 200
Content-Type: [application/json]
Matched-Stub-Id: [cb180d00-5ddf-4ed4-a161-f0470a16f74f]


movieList : [Movie(movie_id=1, name=Batman Begins, year=2005, cast=Christian Bale, Katie Holmes , Liam Neeson, release_date=2005-06-15), Movie(movie_id=2, name=Dark Knight, year=2008, cast=Christian Bale, Heath Ledger , Michael Caine, release_date=2008-07-18), Movie(movie_id=3, name=The Dark Knight Rises, year=2012, cast=Christian Bale, Heath Ledger , Michael Caine, release_date=2012-07-20), Movie(movie_id=4, name=The Avengers, year=2012, cast=Robert Downey Jr, Chris Evans , Chris HemsWorth, release_date=2012-05-04), Movie(movie_id=5, name=Avengers: Age of Ultron, year=2015, cast=Robert Downey Jr, Chris Evans , Chris HemsWorth, release_date=2015-05-01), Movie(movie_id=6, name=Avengers: Infinity War, year=2018, cast=Robert Downey Jr, Chris Evans , Chris HemsWorth, release_date=2018-04-27), Movie(movie_id=7, name=Avengers: End Game, year=2019, cast=Robert Downey Jr, Chris Evans , Chris HemsWorth, release_date=2019-04-26), Movie(movie_id=8, name=The Hangover, year=2009, cast=Bradley Cooper, Ed Helms , Zach Galifianakis, release_date=2009-06-05), Movie(movie_id=9, name=The Imitation Game, year=2014, cast=Benedict Cumberbatch, Keira Knightley, release_date=2014-12-25), Movie(movie_id=10, name=The Departed, year=2006, cast=Leonardo DiCaprio, Matt Damon , Mark Wahlberg, release_date=2006-10-06)]
2019-09-06 05:25:03.268 Verbose logging enabled
2019-09-06 05:25:03.276 Received request to /mappings with body {
  "id" : "f0194941-a5ae-4e41-86f4-74c97107599b",
  "request" : {
    "urlPathPattern" : "/movieservice/v1/movie/([0-9])",
    "method" : "PUT",
    "bodyPatterns" : [ {
      "matchesJsonPath" : {
        "expression" : "$.cast",
        "equalTo" : "Tom Hardy"
      }
    } ]
  },
  "response" : {
    "status" : 200,
    "bodyFileName" : "updatemovie.json",
    "headers" : {
      "Content-Type" : "application/json"
    }
  },
  "uuid" : "f0194941-a5ae-4e41-86f4-74c97107599b"
}
2019-09-06 05:25:03.294 Request received:
127.0.0.1 - PUT /movieservice/v1/movie/3

User-Agent: [ReactorNetty/0.8.9.RELEASE]
Host: [localhost:8088]
Accept-Encoding: [gzip]
Accept: [*/*]
Content-Length: [80]
Content-Type: [application/json;charset=UTF-8]
{"movie_id":null,"name":null,"year":null,"cast":"Tom Hardy","release_date":null}


Matched response definition:
{
  "status" : 200,
  "body" : "{\n  \"movie_id\": 1,\n  \"name\": \"Batman Begins\",\n  \"year\": 2005,\n  \"cast\": \"Christian Bale, Heath Ledger , Michael Caine, Tom Hardy\",\n  \"release_date\": \"2005-06-15\"\n}",
  "bodyFileName" : "updatemovie.json",
  "headers" : {
    "Content-Type" : "application/json"
  }
}

Response:
HTTP/1.1 200
Content-Type: [application/json]
Matched-Stub-Id: [f0194941-a5ae-4e41-86f4-74c97107599b]


2019-09-06 05:25:03.300 Verbose logging enabled
2019-09-06 05:25:03.307 Received request to /mappings with body {
  "id" : "3410294d-4405-4ecc-b48a-29a8727a34cb",
  "request" : {
    "urlPath" : "/movieservice/v1/allMovies",
    "method" : "GET"
  },
  "response" : {
    "status" : 200,
    "bodyFileName" : "all-movies.json",
    "headers" : {
      "Content-Type" : "application/json"
    }
  },
  "uuid" : "3410294d-4405-4ecc-b48a-29a8727a34cb"
}
2019-09-06 05:25:03.326 Request received:
127.0.0.1 - GET /movieservice/v1/allMovies

User-Agent: [ReactorNetty/0.8.9.RELEASE]
Host: [localhost:8088]
Accept-Encoding: [gzip]
Accept: [*/*]



Matched response definition:
{
  "status" : 200,
  "body" : "[\n  {\n    \"movie_id\": 1,\n    \"name\": \"Batman Begins\",\n    \"year\": 2005,\n    \"cast\": \"Christian Bale, Katie Holmes , Liam Neeson\",\n    \"release_date\": \"2005-06-15\"\n  },\n  {\n    \"movie_id\": 2,\n    \"name\": \"Dark Knight\",\n    \"year\": 2008,\n    \"cast\": \"Christian Bale, Heath Ledger , Michael Caine\",\n    \"release_date\": \"2008-07-18\"\n  },\n  {\n    \"movie_id\": 3,\n    \"name\": \"The Dark Knight Rises\",\n    \"year\": 2012,\n    \"cast\": \"Christian Bale, Heath Ledger , Michael Caine\",\n    \"release_date\": \"2012-07-20\"\n  },\n  {\n    \"movie_id\": 4,\n    \"name\": \"The Avengers\",\n    \"year\": 2012,\n    \"cast\": \"Robert Downey Jr, Chris Evans , Chris HemsWorth\",\n    \"release_date\": \"2012-05-04\"\n  },\n  {\n    \"movie_id\": 5,\n    \"name\": \"Avengers: Age of Ultron\",\n    \"year\": 2015,\n    \"cast\": \"Robert Downey Jr, Chris Evans , Chris HemsWorth\",\n    \"release_date\": \"2015-05-01\"\n  },\n  {\n    \"movie_id\": 6,\n    \"name\": \"Avengers: Infinity War\",\n    \"year\": 2018,\n    \"cast\": \"Robert Downey Jr, Chris Evans , Chris HemsWorth\",\n    \"release_date\": \"2018-04-27\"\n  },\n  {\n    \"movie_id\": 7,\n    \"name\": \"Avengers: End Game\",\n    \"year\": 2019,\n    \"cast\": \"Robert Downey Jr, Chris Evans , Chris HemsWorth\",\n    \"release_date\": \"2019-04-26\"\n  },\n  {\n    \"movie_id\": 8,\n    \"name\": \"The Hangover\",\n    \"year\": 2009,\n    \"cast\": \"Bradley Cooper, Ed Helms , Zach Galifianakis\",\n    \"release_date\": \"2009-06-05\"\n  },\n  {\n    \"movie_id\": 9,\n    \"name\": \"The Imitation Game\",\n    \"year\": 2014,\n    \"cast\": \"Benedict Cumberbatch, Keira Knightley\",\n    \"release_date\": \"2014-12-25\"\n  },\n  {\n    \"movie_id\": 10,\n    \"name\": \"The Departed\",\n    \"year\": 2006,\n    \"cast\": \"Leonardo DiCaprio, Matt Damon , Mark Wahlberg\",\n    \"release_date\": \"2006-10-06\"\n  }\n]",
  "bodyFileName" : "all-movies.json",
  "headers" : {
    "Content-Type" : "application/json"
  }
}

Response:
HTTP/1.1 200
Content-Type: [application/json]
Matched-Stub-Id: [3410294d-4405-4ecc-b48a-29a8727a34cb]


movieList : [Movie(movie_id=1, name=Batman Begins, year=2005, cast=Christian Bale, Katie Holmes , Liam Neeson, release_date=2005-06-15), Movie(movie_id=2, name=Dark Knight, year=2008, cast=Christian Bale, Heath Ledger , Michael Caine, release_date=2008-07-18), Movie(movie_id=3, name=The Dark Knight Rises, year=2012, cast=Christian Bale, Heath Ledger , Michael Caine, release_date=2012-07-20), Movie(movie_id=4, name=The Avengers, year=2012, cast=Robert Downey Jr, Chris Evans , Chris HemsWorth, release_date=2012-05-04), Movie(movie_id=5, name=Avengers: Age of Ultron, year=2015, cast=Robert Downey Jr, Chris Evans , Chris HemsWorth, release_date=2015-05-01), Movie(movie_id=6, name=Avengers: Infinity War, year=2018, cast=Robert Downey Jr, Chris Evans , Chris HemsWorth, release_date=2018-04-27), Movie(movie_id=7, name=Avengers: End Game, year=2019, cast=Robert Downey Jr, Chris Evans , Chris HemsWorth, release_date=2019-04-26), Movie(movie_id=8, name=The Hangover, year=2009, cast=Bradley Cooper, Ed Helms , Zach Galifianakis, release_date=2009-06-05), Movie(movie_id=9, name=The Imitation Game, year=2014, cast=Benedict Cumberbatch, Keira Knightley, release_date=2014-12-25), Movie(movie_id=10, name=The Departed, year=2006, cast=Leonardo DiCaprio, Matt Damon , Mark Wahlberg, release_date=2006-10-06)]
2019-09-06 05:25:03.333 Verbose logging enabled
2019-09-06 05:25:03.340 Received request to /mappings with body {
  "id" : "59ae2b16-76e0-46fc-bf7b-19f537416674",
  "request" : {
    "url" : "/movieservice/v1/movieName?movie_name=ABC",
    "method" : "GET"
  },
  "response" : {
    "status" : 404,
    "bodyFileName" : "404-moviename.json"
  },
  "uuid" : "59ae2b16-76e0-46fc-bf7b-19f537416674"
}
2019-09-06 05:25:03.356 Request received:
127.0.0.1 - GET /movieservice/v1/movieName?movie_name=ABC

User-Agent: [ReactorNetty/0.8.9.RELEASE]
Host: [localhost:8088]
Accept-Encoding: [gzip]
Accept: [*/*]



Matched response definition:
{
  "status" : 404,
  "body" : "{\n  \"timestamp\": \"2019-09-06T10:25:03Z\",\n  \"status\": 404,\n  \"error\": \"Not Found\",\n  \"message\": \"No Movie Available with the given name - ABC\",\n  \"path\": \"/movieservice/v1/movie/100\"\n}",
  "bodyFileName" : "404-moviename.json"
}

Response:
HTTP/1.1 404
Matched-Stub-Id: [59ae2b16-76e0-46fc-bf7b-19f537416674]


2019-09-06 05:25:03.361 Verbose logging enabled
2019-09-06 05:25:03.368 Received request to /mappings with body {
  "id" : "af7adff2-0a20-473a-ba0c-25c0482ea364",
  "request" : {
    "url" : "/movieservice/v1/movieYear?year=2012",
    "method" : "GET"
  },
  "response" : {
    "status" : 200,
    "bodyFileName" : "year.json",
    "headers" : {
      "Content-Type" : "application/json"
    }
  },
  "uuid" : "af7adff2-0a20-473a-ba0c-25c0482ea364"
}
2019-09-06 05:25:03.382 Request received:
127.0.0.1 - GET /movieservice/v1/movieYear?year=2012

User-Agent: [ReactorNetty/0.8.9.RELEASE]
Host: [localhost:8088]
Accept-Encoding: [gzip]
Accept: [*/*]



Matched response definition:
{
  "status" : 200,
  "body" : "[\n  {\n    \"movie_id\": 3,\n    \"name\": \"The Dark Knight Rises\",\n    \"year\": \"2012\",\n    \"cast\": \"Christian Bale, Heath Ledger , Michael Caine\",\n    \"release_date\": \"2012-07-20\"\n  },\n  {\n    \"movie_id\": 4,\n    \"name\": \"The Avengers\",\n    \"year\": \"2012\",\n    \"cast\": \"Robert Downey Jr, Chris Evans , Chris HemsWorth\",\n    \"release_date\": \"2012-05-04\"\n  }\n]",
  "bodyFileName" : "year.json",
  "headers" : {
    "Content-Type" : "application/json"
  }
}

Response:
HTTP/1.1 200
Content-Type: [application/json]
Matched-Stub-Id: [af7adff2-0a20-473a-ba0c-25c0482ea364]


2019-09-06 05:25:03.387 Verbose logging enabled
2019-09-06 05:25:03.395 Received request to /mappings with body {
  "id" : "506aa8e2-57f2-48be-b24f-f003999a3255",
  "request" : {
    "urlPath" : "/movieservice/v1/movie",
    "method" : "POST",
    "bodyPatterns" : [ {
      "matchesJsonPath" : "$.name"
    }, {
      "matchesJsonPath" : "$.cast"
    } ]
  },
  "response" : {
    "status" : 201,
    "bodyFileName" : "toystory.json",
    "headers" : {
      "Content-Type" : "application/json"
    }
  },
  "uuid" : "506aa8e2-57f2-48be-b24f-f003999a3255"
}
2019-09-06 05:25:03.410 Request received:
127.0.0.1 - POST /movieservice/v1/movie

User-Agent: [ReactorNetty/0.8.9.RELEASE]
Host: [localhost:8088]
Accept-Encoding: [gzip]
Accept: [*/*]
Content-Length: [107]
Content-Type: [application/json;charset=UTF-8]
{"movie_id":null,"name":"Toy Story 4","year":2019,"cast":"Tom Hanks, Tim Allen","release_date":[2019,6,20]}


Matched response definition:
{
  "status" : 201,
  "body" : "{\n  \"movie_id\": 11,\n  \"name\": \"Toy Story 4\",\n  \"year\": 2019,\n  \"cast\": \"Tom Hanks, Tim Allen\",\n  \"release_date\": \"2019-06-20\"\n}",
  "bodyFileName" : "toystory.json",
  "headers" : {
    "Content-Type" : "application/json"
  }
}

Response:
HTTP/1.1 201
Content-Type: [application/json]
Matched-Stub-Id: [506aa8e2-57f2-48be-b24f-f003999a3255]


2019-09-06 05:25:03.415 Verbose logging enabled
2019-09-06 05:25:03.424 Received request to /mappings with body {
  "id" : "d3e7afab-7173-4798-8068-2b73e0739b66",
  "request" : {
    "urlPath" : "/movieservice/v1/movie",
    "method" : "POST",
    "bodyPatterns" : [ {
      "matchesJsonPath" : {
        "expression" : "$.name",
        "equalTo" : "Toy Story 4"
      }
    }, {
      "matchesJsonPath" : {
        "expression" : "$.cast",
        "contains" : "Tom"
      }
    } ]
  },
  "response" : {
    "status" : 201,
    "bodyFileName" : "toystory.json",
    "headers" : {
      "Content-Type" : "application/json"
    }
  },
  "uuid" : "d3e7afab-7173-4798-8068-2b73e0739b66"
}
2019-09-06 05:25:03.439 Request received:
127.0.0.1 - POST /movieservice/v1/movie

User-Agent: [ReactorNetty/0.8.9.RELEASE]
Host: [localhost:8088]
Accept-Encoding: [gzip]
Accept: [*/*]
Content-Length: [107]
Content-Type: [application/json;charset=UTF-8]
{"movie_id":null,"name":"Toy Story 4","year":2019,"cast":"Tom Hanks, Tim Allen","release_date":[2019,6,20]}


Matched response definition:
{
  "status" : 201,
  "body" : "{\n  \"movie_id\": 11,\n  \"name\": \"Toy Story 4\",\n  \"year\": 2019,\n  \"cast\": \"Tom Hanks, Tim Allen\",\n  \"release_date\": \"2019-06-20\"\n}",
  "bodyFileName" : "toystory.json",
  "headers" : {
    "Content-Type" : "application/json"
  }
}

Response:
HTTP/1.1 201
Content-Type: [application/json]
Matched-Stub-Id: [d3e7afab-7173-4798-8068-2b73e0739b66]


2019-09-06 05:25:03.443 Verbose logging enabled
2019-09-06 05:25:03.450 Received request to /mappings with body {
  "id" : "7c1537d1-a19f-4316-a0c0-e215e3817765",
  "request" : {
    "urlPathPattern" : "/movieservice/v1/movie/1",
    "method" : "GET"
  },
  "response" : {
    "status" : 200,
    "bodyFileName" : "movie.json",
    "headers" : {
      "Content-Type" : "application/json"
    }
  },
  "uuid" : "7c1537d1-a19f-4316-a0c0-e215e3817765",
  "priority" : 1
}
2019-09-06 05:25:03.460 Received request to /mappings with body {
  "id" : "073392f4-0f6a-4472-a6ee-07765de839ab",
  "request" : {
    "urlPattern" : "/movieservice/v1/movie/([0-9])",
    "method" : "GET"
  },
  "response" : {
    "status" : 200,
    "bodyFileName" : "movie1.json",
    "headers" : {
      "Content-Type" : "application/json"
    }
  },
  "uuid" : "073392f4-0f6a-4472-a6ee-07765de839ab"
}
2019-09-06 05:25:03.472 Request received:
127.0.0.1 - GET /movieservice/v1/movie/1

User-Agent: [ReactorNetty/0.8.9.RELEASE]
Host: [localhost:8088]
Accept-Encoding: [gzip]
Accept: [*/*]



Matched response definition:
{
  "status" : 200,
  "body" : "{\n  \"movie_id\": 1,\n  \"name\": \"Batman Begins\",\n  \"year\": 2005,\n  \"cast\": \"Christian Bale, Katie Holmes , Liam Neeson\",\n  \"release_date\": \"2005-06-15\"\n}",
  "bodyFileName" : "movie.json",
  "headers" : {
    "Content-Type" : "application/json"
  }
}

Response:
HTTP/1.1 200
Content-Type: [application/json]
Matched-Stub-Id: [7c1537d1-a19f-4316-a0c0-e215e3817765]


2019-09-06 05:25:03.478 Request received:
127.0.0.1 - GET /movieservice/v1/movie/2

User-Agent: [ReactorNetty/0.8.9.RELEASE]
Host: [localhost:8088]
Accept-Encoding: [gzip]
Accept: [*/*]



Matched response definition:
{
  "status" : 200,
  "body" : "{\n  \"movie_id\": 1,\n  \"name\": \"Batman Begins1\",\n  \"year\": 2005,\n  \"cast\": \"Christian Bale, Katie Holmes , Liam Neeson\",\n  \"release_date\": \"2005-06-15\"\n}",
  "bodyFileName" : "movie1.json",
  "headers" : {
    "Content-Type" : "application/json"
  }
}

Response:
HTTP/1.1 200
Content-Type: [application/json]
Matched-Stub-Id: [073392f4-0f6a-4472-a6ee-07765de839ab]


2019-09-06 05:25:03.483 Verbose logging enabled
2019-09-06 05:25:03.492 Received request to /mappings with body {
  "id" : "eedc3daa-97c7-40d6-85cb-59cd1ae4feac",
  "request" : {
    "urlPath" : "/movieservice/v1/movie",
    "method" : "POST",
    "bodyPatterns" : [ {
      "equalToJson" : "{\"movie_id\":null,\"name\":\"Toy Story 4\",\"year\":2019,\"cast\":\"Tom Hanks, Tim Allen\",\"release_date\":[2019,6,20]}"
    } ]
  },
  "response" : {
    "status" : 201,
    "bodyFileName" : "toystory.json",
    "headers" : {
      "Content-Type" : "application/json"
    }
  },
  "uuid" : "eedc3daa-97c7-40d6-85cb-59cd1ae4feac"
}
2019-09-06 05:25:03.506 Request received:
127.0.0.1 - POST /movieservice/v1/movie

User-Agent: [ReactorNetty/0.8.9.RELEASE]
Host: [localhost:8088]
Accept-Encoding: [gzip]
Accept: [*/*]
Content-Length: [107]
Content-Type: [application/json;charset=UTF-8]
{"movie_id":null,"name":"Toy Story 4","year":2019,"cast":"Tom Hanks, Tim Allen","release_date":[2019,6,20]}


Matched response definition:
{
  "status" : 201,
  "body" : "{\n  \"movie_id\": 11,\n  \"name\": \"Toy Story 4\",\n  \"year\": 2019,\n  \"cast\": \"Tom Hanks, Tim Allen\",\n  \"release_date\": \"2019-06-20\"\n}",
  "bodyFileName" : "toystory.json",
  "headers" : {
    "Content-Type" : "application/json"
  }
}

Response:
HTTP/1.1 201
Content-Type: [application/json]
Matched-Stub-Id: [eedc3daa-97c7-40d6-85cb-59cd1ae4feac]


2019-09-06 05:25:03.511 Verbose logging enabled
2019-09-06 05:25:03.518 Received request to /mappings with body {
  "id" : "695ffaf9-51c7-4985-a607-d940d43778e3",
  "request" : {
    "urlPath" : "/movieservice/v1/movieName",
    "method" : "GET"
  },
  "response" : {
    "status" : 200,
    "bodyFileName" : "avengers.json",
    "headers" : {
      "Content-Type" : "application/json"
    }
  },
  "uuid" : "695ffaf9-51c7-4985-a607-d940d43778e3"
}
2019-09-06 05:25:03.532 Request received:
127.0.0.1 - GET /movieservice/v1/movieName?movie_name=Avengers

User-Agent: [ReactorNetty/0.8.9.RELEASE]
Host: [localhost:8088]
Accept-Encoding: [gzip]
Accept: [*/*]



Matched response definition:
{
  "status" : 200,
  "body" : "[\n  {\n    \"movie_id\": 4,\n    \"name\": \"The Avengers\",\n    \"year\": 2012,\n    \"cast\": \"Robert Downey Jr, Chris Evans , Chris HemsWorth\",\n    \"release_date\": \"2012-05-04\"\n  },\n  {\n    \"movie_id\": 5,\n    \"name\": \"Avengers: Age of Ultron\",\n    \"year\": 2015,\n    \"cast\": \"Robert Downey Jr, Chris Evans , Chris HemsWorth\",\n    \"release_date\": \"2015-05-01\"\n  },\n  {\n    \"movie_id\": 6,\n    \"name\": \"Avengers: Infinity War\",\n    \"year\": 2018,\n    \"cast\": \"Robert Downey Jr, Chris Evans , Chris HemsWorth\",\n    \"release_date\": \"2018-04-27\"\n  },\n  {\n    \"movie_id\": 7,\n    \"name\": \"Avengers: End Game\",\n    \"year\": 2019,\n    \"cast\": \"Robert Downey Jr, Chris Evans , Chris HemsWorth\",\n    \"release_date\": \"2019-04-26\"\n  }\n]",
  "bodyFileName" : "avengers.json",
  "headers" : {
    "Content-Type" : "application/json"
  }
}

Response:
HTTP/1.1 200
Content-Type: [application/json]
Matched-Stub-Id: [695ffaf9-51c7-4985-a607-d940d43778e3]


2019-09-06 05:25:03.538 Verbose logging enabled
2019-09-06 05:25:03.545 Received request to /mappings with body {
  "id" : "950e247b-9993-4d77-b72a-defd682ee879",
  "request" : {
    "url" : "/movieservice/v1/movieName?movie_name=Avengers",
    "method" : "GET"
  },
  "response" : {
    "status" : 200,
    "bodyFileName" : "avengers.json",
    "headers" : {
      "Content-Type" : "application/json"
    }
  },
  "uuid" : "950e247b-9993-4d77-b72a-defd682ee879"
}
2019-09-06 05:25:03.558 Request received:
127.0.0.1 - GET /movieservice/v1/movieName?movie_name=Avengers

User-Agent: [ReactorNetty/0.8.9.RELEASE]
Host: [localhost:8088]
Accept-Encoding: [gzip]
Accept: [*/*]



Matched response definition:
{
  "status" : 200,
  "body" : "[\n  {\n    \"movie_id\": 4,\n    \"name\": \"The Avengers\",\n    \"year\": 2012,\n    \"cast\": \"Robert Downey Jr, Chris Evans , Chris HemsWorth\",\n    \"release_date\": \"2012-05-04\"\n  },\n  {\n    \"movie_id\": 5,\n    \"name\": \"Avengers: Age of Ultron\",\n    \"year\": 2015,\n    \"cast\": \"Robert Downey Jr, Chris Evans , Chris HemsWorth\",\n    \"release_date\": \"2015-05-01\"\n  },\n  {\n    \"movie_id\": 6,\n    \"name\": \"Avengers: Infinity War\",\n    \"year\": 2018,\n    \"cast\": \"Robert Downey Jr, Chris Evans , Chris HemsWorth\",\n    \"release_date\": \"2018-04-27\"\n  },\n  {\n    \"movie_id\": 7,\n    \"name\": \"Avengers: End Game\",\n    \"year\": 2019,\n    \"cast\": \"Robert Downey Jr, Chris Evans , Chris HemsWorth\",\n    \"release_date\": \"2019-04-26\"\n  }\n]",
  "bodyFileName" : "avengers.json",
  "headers" : {
    "Content-Type" : "application/json"
  }
}

Response:
HTTP/1.1 200
Content-Type: [application/json]
Matched-Stub-Id: [950e247b-9993-4d77-b72a-defd682ee879]


2019-09-06 05:25:03.564 Verbose logging enabled
2019-09-06 05:25:03.570 Received request to /mappings with body {
  "id" : "c53ab91c-c0c0-48cc-ba4f-f68e4bf81bca",
  "request" : {
    "urlPath" : "/movieservice/v1/movie",
    "method" : "POST"
  },
  "response" : {
    "status" : 400,
    "bodyFileName" : "404.json",
    "headers" : {
      "Content-Type" : "application/json"
    }
  },
  "uuid" : "c53ab91c-c0c0-48cc-ba4f-f68e4bf81bca"
}
]]></system-out>
  <system-err><![CDATA[[Test worker] INFO org.eclipse.jetty.util.log - Logging initialized @977ms
[Test worker] INFO org.eclipse.jetty.server.Server - jetty-9.2.24.v20180105
[Test worker] INFO org.eclipse.jetty.server.handler.ContextHandler - Started o.e.j.s.ServletContextHandler@77c3e07d{/__admin,null,AVAILABLE}
[Test worker] INFO org.eclipse.jetty.server.handler.ContextHandler - Started o.e.j.s.ServletContextHandler@26552dbc{/,null,AVAILABLE}
[Test worker] INFO org.eclipse.jetty.server.NetworkTrafficServerConnector - Started NetworkTrafficServerConnector@4a621ebf{HTTP/1.1}{0.0.0.0:8088}
[Test worker] INFO org.eclipse.jetty.server.Server - Started @1092ms
[qtp369911850-21] INFO /__admin - RequestHandlerClass from context returned com.github.tomakehurst.wiremock.http.AdminRequestHandler. Normalized mapped under returned 'null'
[qtp369911850-22] INFO / - RequestHandlerClass from context returned com.github.tomakehurst.wiremock.http.StubRequestHandler. Normalized mapped under returned 'null'
[qtp369911850-22] WARN org.eclipse.jetty.servlet.ServletHandler - /movieservice/v1/movieYear
java.io.FileNotFoundException: /Dilip/udemy/wiremock/codebase/movies-app-final/src/test/resources/__files/404.json (No such file or directory)
	at java.base/java.io.FileInputStream.open0(Native Method)
	at java.base/java.io.FileInputStream.open(FileInputStream.java:219)
	at java.base/java.io.FileInputStream.<init>(FileInputStream.java:157)
	at java.base/java.io.FileInputStream.<init>(FileInputStream.java:112)
	at java.base/sun.net.www.protocol.file.FileURLConnection.connect(FileURLConnection.java:86)
	at java.base/sun.net.www.protocol.file.FileURLConnection.getInputStream(FileURLConnection.java:184)
	at java.base/java.net.URL.openStream(URL.java:1129)
	at com.github.tomakehurst.wiremock.common.BinaryFile.getStream(BinaryFile.java:58)
	at com.github.tomakehurst.wiremock.common.BinaryFile.readContents(BinaryFile.java:35)
	at com.github.tomakehurst.wiremock.common.TextFile.readContentsAsString(TextFile.java:30)
	at com.github.tomakehurst.wiremock.extension.responsetemplating.ResponseTemplateTransformer.transform(ResponseTemplateTransformer.java:117)
	at com.github.tomakehurst.wiremock.stubbing.InMemoryStubMappings.applyTransformations(InMemoryStubMappings.java:91)
	at com.github.tomakehurst.wiremock.stubbing.InMemoryStubMappings.serveFor(InMemoryStubMappings.java:72)
	at com.github.tomakehurst.wiremock.core.WireMockApp.serveStubFor(WireMockApp.java:164)
	at com.github.tomakehurst.wiremock.http.StubRequestHandler.handleRequest(StubRequestHandler.java:50)
	at com.github.tomakehurst.wiremock.http.AbstractRequestHandler.handle(AbstractRequestHandler.java:47)
	at com.github.tomakehurst.wiremock.servlet.WireMockHandlerDispatchingServlet.service(WireMockHandlerDispatchingServlet.java:108)
	at javax.servlet.http.HttpServlet.service(HttpServlet.java:790)
	at org.eclipse.jetty.servlet.ServletHolder.handle(ServletHolder.java:812)
	at org.eclipse.jetty.servlet.ServletHandler.doHandle(ServletHandler.java:587)
	at org.eclipse.jetty.server.handler.ContextHandler.doHandle(ContextHandler.java:1127)
	at org.eclipse.jetty.servlet.ServletHandler.doScope(ServletHandler.java:515)
	at org.eclipse.jetty.server.handler.ContextHandler.doScope(ContextHandler.java:1061)
	at org.eclipse.jetty.server.handler.ScopedHandler.handle(ScopedHandler.java:141)
	at org.eclipse.jetty.servlets.gzip.GzipHandler.handle(GzipHandler.java:479)
	at org.eclipse.jetty.server.handler.HandlerCollection.handle(HandlerCollection.java:110)
	at org.eclipse.jetty.server.handler.HandlerWrapper.handle(HandlerWrapper.java:97)
	at org.eclipse.jetty.server.Server.handle(Server.java:499)
	at org.eclipse.jetty.server.HttpChannel.handle(HttpChannel.java:311)
	at org.eclipse.jetty.server.HttpConnection.onFillable(HttpConnection.java:258)
	at org.eclipse.jetty.io.AbstractConnection$2.run(AbstractConnection.java:544)
	at org.eclipse.jetty.util.thread.QueuedThreadPool.runJob(QueuedThreadPool.java:635)
	at org.eclipse.jetty.util.thread.QueuedThreadPool$3.run(QueuedThreadPool.java:555)
	at java.base/java.lang.Thread.run(Thread.java:834)
[Test worker] ERROR com.learnwiremock.service.MoviesRestClient - WebClientResponseException in retreieveMovieByYear - Error Message is : org.springframework.web.reactive.function.client.WebClientResponseException$InternalServerError: 500 Internal Server Error 
[Test worker] INFO org.eclipse.jetty.server.NetworkTrafficServerConnector - Stopped NetworkTrafficServerConnector@4a621ebf{HTTP/1.1}{0.0.0.0:8088}
[Test worker] INFO org.eclipse.jetty.server.handler.ContextHandler - Stopped o.e.j.s.ServletContextHandler@26552dbc{/,null,UNAVAILABLE}
[Test worker] INFO org.eclipse.jetty.server.handler.ContextHandler - Stopped o.e.j.s.ServletContextHandler@77c3e07d{/__admin,null,UNAVAILABLE}
[Test worker] WARN org.eclipse.jetty.util.thread.QueuedThreadPool - qtp369911850{STOPPING,8<=8<=10,i=6,q=7} Couldn't stop Thread[qtp369911850-18,5,]
[Test worker] WARN org.eclipse.jetty.util.thread.QueuedThreadPool - qtp369911850{STOPPING,8<=8<=10,i=0,q=6} Couldn't stop Thread[qtp369911850-22,5,]
[Test worker] INFO org.eclipse.jetty.server.Server - jetty-9.2.24.v20180105
[Test worker] INFO org.eclipse.jetty.server.handler.ContextHandler - Started o.e.j.s.ServletContextHandler@405e3991{/__admin,null,AVAILABLE}
[Test worker] INFO org.eclipse.jetty.server.handler.ContextHandler - Started o.e.j.s.ServletContextHandler@47062361{/,null,AVAILABLE}
[Test worker] INFO org.eclipse.jetty.server.NetworkTrafficServerConnector - Started NetworkTrafficServerConnector@762508a1{HTTP/1.1}{0.0.0.0:8088}
[Test worker] INFO org.eclipse.jetty.server.Server - Started @2300ms
[qtp1449038001-43] INFO /__admin - RequestHandlerClass from context returned com.github.tomakehurst.wiremock.http.AdminRequestHandler. Normalized mapped under returned 'null'
[qtp1449038001-44] INFO / - RequestHandlerClass from context returned com.github.tomakehurst.wiremock.http.StubRequestHandler. Normalized mapped under returned 'null'
[Test worker] ERROR com.learnwiremock.service.MoviesRestClient - WebClientResponseException - Error Message is : org.springframework.web.reactive.function.client.WebClientResponseException$InternalServerError: 500 Internal Server Error
[Test worker] INFO org.eclipse.jetty.server.NetworkTrafficServerConnector - Stopped NetworkTrafficServerConnector@762508a1{HTTP/1.1}{0.0.0.0:8088}
[Test worker] INFO org.eclipse.jetty.server.handler.ContextHandler - Stopped o.e.j.s.ServletContextHandler@47062361{/,null,UNAVAILABLE}
[Test worker] INFO org.eclipse.jetty.server.handler.ContextHandler - Stopped o.e.j.s.ServletContextHandler@405e3991{/__admin,null,UNAVAILABLE}
[Test worker] WARN org.eclipse.jetty.util.thread.QueuedThreadPool - qtp1449038001{STOPPING,8<=8<=10,i=6,q=6} Couldn't stop Thread[qtp1449038001-39,5,main]
[Test worker] WARN org.eclipse.jetty.util.thread.QueuedThreadPool - qtp1449038001{STOPPING,8<=8<=10,i=0,q=5} Couldn't stop Thread[qtp1449038001-44,5,]
[Test worker] INFO org.eclipse.jetty.server.Server - jetty-9.2.24.v20180105
[Test worker] INFO org.eclipse.jetty.server.handler.ContextHandler - Started o.e.j.s.ServletContextHandler@65d7a87b{/__admin,null,AVAILABLE}
[Test worker] INFO org.eclipse.jetty.server.handler.ContextHandler - Started o.e.j.s.ServletContextHandler@7e8716fb{/,null,AVAILABLE}
[Test worker] INFO org.eclipse.jetty.server.NetworkTrafficServerConnector - Started NetworkTrafficServerConnector@26cbfd20{HTTP/1.1}{0.0.0.0:8088}
[Test worker] INFO org.eclipse.jetty.server.Server - Started @2346ms
[qtp279951291-54] INFO /__admin - RequestHandlerClass from context returned com.github.tomakehurst.wiremock.http.AdminRequestHandler. Normalized mapped under returned 'null'
[qtp279951291-56] INFO / - RequestHandlerClass from context returned com.github.tomakehurst.wiremock.http.StubRequestHandler. Normalized mapped under returned 'null'
[Test worker] INFO com.learnwiremock.service.MoviesRestClient - New Movie SuccessFully addded Movie(movie_id=11, name=Toy Story 4, year=2019, cast=Tom Hanks, Tim Allen, release_date=2019-06-20) 
[Test worker] INFO org.eclipse.jetty.server.NetworkTrafficServerConnector - Stopped NetworkTrafficServerConnector@26cbfd20{HTTP/1.1}{0.0.0.0:8088}
[Test worker] INFO org.eclipse.jetty.server.handler.ContextHandler - Stopped o.e.j.s.ServletContextHandler@7e8716fb{/,null,UNAVAILABLE}
[Test worker] INFO org.eclipse.jetty.server.handler.ContextHandler - Stopped o.e.j.s.ServletContextHandler@65d7a87b{/__admin,null,UNAVAILABLE}
[Test worker] WARN org.eclipse.jetty.util.thread.QueuedThreadPool - qtp279951291{STOPPING,8<=8<=10,i=7,q=7} Couldn't stop Thread[qtp279951291-57,5,]
[Test worker] WARN org.eclipse.jetty.util.thread.QueuedThreadPool - qtp279951291{STOPPING,8<=8<=10,i=2,q=6} Couldn't stop Thread[qtp279951291-56,5,]
[Test worker] WARN org.eclipse.jetty.util.thread.QueuedThreadPool - qtp279951291{STOPPING,8<=8<=10,i=0,q=6} Couldn't stop Thread[qtp279951291-54,5,]
[Test worker] INFO org.eclipse.jetty.server.Server - jetty-9.2.24.v20180105
[Test worker] INFO org.eclipse.jetty.server.handler.ContextHandler - Started o.e.j.s.ServletContextHandler@c978340{/__admin,null,AVAILABLE}
[Test worker] INFO org.eclipse.jetty.server.handler.ContextHandler - Started o.e.j.s.ServletContextHandler@1ff83dc1{/,null,AVAILABLE}
[Test worker] INFO org.eclipse.jetty.server.NetworkTrafficServerConnector - Started NetworkTrafficServerConnector@2f4530fd{HTTP/1.1}{0.0.0.0:8088}
[Test worker] INFO org.eclipse.jetty.server.Server - Started @2516ms
[qtp153044195-66] INFO /__admin - RequestHandlerClass from context returned com.github.tomakehurst.wiremock.http.AdminRequestHandler. Normalized mapped under returned 'null'
[qtp153044195-65] INFO / - RequestHandlerClass from context returned com.github.tomakehurst.wiremock.http.StubRequestHandler. Normalized mapped under returned 'null'
[Test worker] INFO org.eclipse.jetty.server.NetworkTrafficServerConnector - Stopped NetworkTrafficServerConnector@2f4530fd{HTTP/1.1}{0.0.0.0:8088}
[Test worker] INFO org.eclipse.jetty.server.handler.ContextHandler - Stopped o.e.j.s.ServletContextHandler@1ff83dc1{/,null,UNAVAILABLE}
[Test worker] INFO org.eclipse.jetty.server.handler.ContextHandler - Stopped o.e.j.s.ServletContextHandler@c978340{/__admin,null,UNAVAILABLE}
[Test worker] WARN org.eclipse.jetty.util.thread.QueuedThreadPool - qtp153044195{STOPPING,8<=8<=10,i=7,q=7} Couldn't stop Thread[qtp153044195-68,5,]
[Test worker] WARN org.eclipse.jetty.util.thread.QueuedThreadPool - qtp153044195{STOPPING,8<=8<=10,i=3,q=6} Couldn't stop Thread[qtp153044195-65,5,]
[Test worker] WARN org.eclipse.jetty.util.thread.QueuedThreadPool - qtp153044195{STOPPING,8<=8<=10,i=0,q=6} Couldn't stop Thread[qtp153044195-67,5,]
[Test worker] INFO org.eclipse.jetty.server.Server - jetty-9.2.24.v20180105
[Test worker] INFO org.eclipse.jetty.server.handler.ContextHandler - Started o.e.j.s.ServletContextHandler@7dc829ff{/__admin,null,AVAILABLE}
[Test worker] INFO org.eclipse.jetty.server.handler.ContextHandler - Started o.e.j.s.ServletContextHandler@152dd22d{/,null,AVAILABLE}
[Test worker] INFO org.eclipse.jetty.server.NetworkTrafficServerConnector - Started NetworkTrafficServerConnector@291696a6{HTTP/1.1}{0.0.0.0:8088}
[Test worker] INFO org.eclipse.jetty.server.Server - Started @2563ms
[qtp888037772-76] INFO /__admin - RequestHandlerClass from context returned com.github.tomakehurst.wiremock.http.AdminRequestHandler. Normalized mapped under returned 'null'
[qtp888037772-77] INFO / - RequestHandlerClass from context returned com.github.tomakehurst.wiremock.http.StubRequestHandler. Normalized mapped under returned 'null'
[Test worker] ERROR com.learnwiremock.service.MoviesRestClient - WebClientResponseException - Exception is org.springframework.web.reactive.function.client.WebClientResponseException$NotFound: 404 Not Found and the Error Message is : {
  "timestamp": "2019-09-06T10:25:03Z",
  "status": 404,
  "error": "Not Found",
  "message": "No Movie Available with the given Id - 100",
  "path": "/movieservice/v1/movie/100"
}
[Test worker] INFO org.eclipse.jetty.server.NetworkTrafficServerConnector - Stopped NetworkTrafficServerConnector@291696a6{HTTP/1.1}{0.0.0.0:8088}
[Test worker] INFO org.eclipse.jetty.server.handler.ContextHandler - Stopped o.e.j.s.ServletContextHandler@152dd22d{/,null,UNAVAILABLE}
[Test worker] INFO org.eclipse.jetty.server.handler.ContextHandler - Stopped o.e.j.s.ServletContextHandler@7dc829ff{/__admin,null,UNAVAILABLE}
[Test worker] WARN org.eclipse.jetty.util.thread.QueuedThreadPool - qtp888037772{STOPPING,8<=8<=10,i=5,q=6} Couldn't stop Thread[qtp888037772-76,5,]
[Test worker] WARN org.eclipse.jetty.util.thread.QueuedThreadPool - qtp888037772{STOPPING,8<=8<=10,i=0,q=5} Couldn't stop Thread[qtp888037772-78,5,]
[Test worker] INFO org.eclipse.jetty.server.Server - jetty-9.2.24.v20180105
[Test worker] INFO org.eclipse.jetty.server.handler.ContextHandler - Started o.e.j.s.ServletContextHandler@1f8f30ec{/__admin,null,AVAILABLE}
[Test worker] INFO org.eclipse.jetty.server.handler.ContextHandler - Started o.e.j.s.ServletContextHandler@529b2ea4{/,null,AVAILABLE}
[Test worker] INFO org.eclipse.jetty.server.NetworkTrafficServerConnector - Started NetworkTrafficServerConnector@34757c4b{HTTP/1.1}{0.0.0.0:8088}
[Test worker] INFO org.eclipse.jetty.server.Server - Started @2601ms
[qtp1556236985-87] INFO /__admin - RequestHandlerClass from context returned com.github.tomakehurst.wiremock.http.AdminRequestHandler. Normalized mapped under returned 'null'
[qtp1556236985-89] INFO / - RequestHandlerClass from context returned com.github.tomakehurst.wiremock.http.StubRequestHandler. Normalized mapped under returned 'null'
[Test worker] INFO com.learnwiremock.service.MoviesRestClient - New Movie SuccessFully addded Movie(movie_id=11, name=Toy Story 4, year=2019, cast=Tom Hanks, Tim Allen, release_date=2019-06-20) 
[Test worker] INFO org.eclipse.jetty.server.NetworkTrafficServerConnector - Stopped NetworkTrafficServerConnector@34757c4b{HTTP/1.1}{0.0.0.0:8088}
[Test worker] INFO org.eclipse.jetty.server.handler.ContextHandler - Stopped o.e.j.s.ServletContextHandler@529b2ea4{/,null,UNAVAILABLE}
[Test worker] INFO org.eclipse.jetty.server.handler.ContextHandler - Stopped o.e.j.s.ServletContextHandler@1f8f30ec{/__admin,null,UNAVAILABLE}
[Test worker] WARN org.eclipse.jetty.util.thread.QueuedThreadPool - qtp1556236985{STOPPING,8<=8<=10,i=5,q=6} Couldn't stop Thread[qtp1556236985-92,5,]
[Test worker] WARN org.eclipse.jetty.util.thread.QueuedThreadPool - qtp1556236985{STOPPING,8<=8<=10,i=0,q=5} Couldn't stop Thread[qtp1556236985-84,5,]
[Test worker] INFO org.eclipse.jetty.server.Server - jetty-9.2.24.v20180105
[Test worker] INFO org.eclipse.jetty.server.handler.ContextHandler - Started o.e.j.s.ServletContextHandler@724f4526{/__admin,null,AVAILABLE}
[Test worker] INFO org.eclipse.jetty.server.handler.ContextHandler - Started o.e.j.s.ServletContextHandler@201189ea{/,null,AVAILABLE}
[Test worker] INFO org.eclipse.jetty.server.NetworkTrafficServerConnector - Started NetworkTrafficServerConnector@28a5b976{HTTP/1.1}{0.0.0.0:8088}
[Test worker] INFO org.eclipse.jetty.server.Server - Started @2667ms
[qtp1079055536-98] INFO /__admin - RequestHandlerClass from context returned com.github.tomakehurst.wiremock.http.AdminRequestHandler. Normalized mapped under returned 'null'
[qtp1079055536-99] INFO / - RequestHandlerClass from context returned com.github.tomakehurst.wiremock.http.StubRequestHandler. Normalized mapped under returned 'null'
[Test worker] ERROR com.learnwiremock.service.MoviesRestClient - WebClientResponseException - Error Message is : org.springframework.web.reactive.function.client.WebClientResponseException$NotFound: 404 Not Found
[Test worker] INFO org.eclipse.jetty.server.NetworkTrafficServerConnector - Stopped NetworkTrafficServerConnector@28a5b976{HTTP/1.1}{0.0.0.0:8088}
[Test worker] INFO org.eclipse.jetty.server.handler.ContextHandler - Stopped o.e.j.s.ServletContextHandler@201189ea{/,null,UNAVAILABLE}
[Test worker] INFO org.eclipse.jetty.server.handler.ContextHandler - Stopped o.e.j.s.ServletContextHandler@724f4526{/__admin,null,UNAVAILABLE}
[Test worker] WARN org.eclipse.jetty.util.thread.QueuedThreadPool - qtp1079055536{STOPPING,8<=8<=10,i=6,q=6} Couldn't stop Thread[qtp1079055536-100,5,]
[Test worker] WARN org.eclipse.jetty.util.thread.QueuedThreadPool - qtp1079055536{STOPPING,8<=8<=10,i=0,q=5} Couldn't stop Thread[qtp1079055536-94,5,]
[Test worker] INFO org.eclipse.jetty.server.Server - jetty-9.2.24.v20180105
[Test worker] INFO org.eclipse.jetty.server.handler.ContextHandler - Started o.e.j.s.ServletContextHandler@49533f5c{/__admin,null,AVAILABLE}
[Test worker] INFO org.eclipse.jetty.server.handler.ContextHandler - Started o.e.j.s.ServletContextHandler@210292f3{/,null,AVAILABLE}
[Test worker] INFO org.eclipse.jetty.server.NetworkTrafficServerConnector - Started NetworkTrafficServerConnector@717be050{HTTP/1.1}{0.0.0.0:8088}
[Test worker] INFO org.eclipse.jetty.server.Server - Started @2701ms
[qtp2036902419-109] INFO /__admin - RequestHandlerClass from context returned com.github.tomakehurst.wiremock.http.AdminRequestHandler. Normalized mapped under returned 'null'
[qtp2036902419-110] INFO / - RequestHandlerClass from context returned com.github.tomakehurst.wiremock.http.StubRequestHandler. Normalized mapped under returned 'null'
[Test worker] ERROR com.learnwiremock.service.MoviesRestClient - WebClientResponseException - Error Message is : org.springframework.web.reactive.function.client.WebClientResponseException$NotFound: 404 Not Found
[Test worker] INFO org.eclipse.jetty.server.NetworkTrafficServerConnector - Stopped NetworkTrafficServerConnector@717be050{HTTP/1.1}{0.0.0.0:8088}
[Test worker] INFO org.eclipse.jetty.server.handler.ContextHandler - Stopped o.e.j.s.ServletContextHandler@210292f3{/,null,UNAVAILABLE}
[Test worker] INFO org.eclipse.jetty.server.handler.ContextHandler - Stopped o.e.j.s.ServletContextHandler@49533f5c{/__admin,null,UNAVAILABLE}
[Test worker] WARN org.eclipse.jetty.util.thread.QueuedThreadPool - qtp2036902419{STOPPING,8<=8<=10,i=6,q=6} Couldn't stop Thread[qtp2036902419-114,5,]
[Test worker] WARN org.eclipse.jetty.util.thread.QueuedThreadPool - qtp2036902419{STOPPING,8<=8<=10,i=1,q=6} Couldn't stop Thread[qtp2036902419-111,5,]
[Test worker] WARN org.eclipse.jetty.util.thread.QueuedThreadPool - qtp2036902419{STOPPING,8<=8<=10,i=0,q=6} Couldn't stop Thread[qtp2036902419-109,5,]
[Test worker] INFO org.eclipse.jetty.server.Server - jetty-9.2.24.v20180105
[Test worker] INFO org.eclipse.jetty.server.handler.ContextHandler - Started o.e.j.s.ServletContextHandler@7db202b9{/__admin,null,AVAILABLE}
[Test worker] INFO org.eclipse.jetty.server.handler.ContextHandler - Started o.e.j.s.ServletContextHandler@361ed5e{/,null,AVAILABLE}
[Test worker] INFO org.eclipse.jetty.server.NetworkTrafficServerConnector - Started NetworkTrafficServerConnector@6eab8041{HTTP/1.1}{0.0.0.0:8088}
[Test worker] INFO org.eclipse.jetty.server.Server - Started @2737ms
[qtp1435930019-120] INFO /__admin - RequestHandlerClass from context returned com.github.tomakehurst.wiremock.http.AdminRequestHandler. Normalized mapped under returned 'null'
[qtp1435930019-121] INFO / - RequestHandlerClass from context returned com.github.tomakehurst.wiremock.http.StubRequestHandler. Normalized mapped under returned 'null'
[Test worker] INFO org.eclipse.jetty.server.NetworkTrafficServerConnector - Stopped NetworkTrafficServerConnector@6eab8041{HTTP/1.1}{0.0.0.0:8088}
[Test worker] INFO org.eclipse.jetty.server.handler.ContextHandler - Stopped o.e.j.s.ServletContextHandler@361ed5e{/,null,UNAVAILABLE}
[Test worker] INFO org.eclipse.jetty.server.handler.ContextHandler - Stopped o.e.j.s.ServletContextHandler@7db202b9{/__admin,null,UNAVAILABLE}
[Test worker] WARN org.eclipse.jetty.util.thread.QueuedThreadPool - qtp1435930019{STOPPING,8<=8<=10,i=6,q=6} Couldn't stop Thread[qtp1435930019-125,5,]
[Test worker] WARN org.eclipse.jetty.util.thread.QueuedThreadPool - qtp1435930019{STOPPING,8<=8<=10,i=1,q=5} Couldn't stop Thread[qtp1435930019-116,5,]
[Test worker] WARN org.eclipse.jetty.util.thread.QueuedThreadPool - qtp1435930019{STOPPING,8<=8<=10,i=0,q=5} Couldn't stop Thread[qtp1435930019-117,5,]
[Test worker] INFO org.eclipse.jetty.server.Server - jetty-9.2.24.v20180105
[Test worker] INFO org.eclipse.jetty.server.handler.ContextHandler - Started o.e.j.s.ServletContextHandler@64e6e720{/__admin,null,AVAILABLE}
[Test worker] INFO org.eclipse.jetty.server.handler.ContextHandler - Started o.e.j.s.ServletContextHandler@20c9d098{/,null,AVAILABLE}
[Test worker] INFO org.eclipse.jetty.server.NetworkTrafficServerConnector - Started NetworkTrafficServerConnector@73c5ec46{HTTP/1.1}{0.0.0.0:8088}
[Test worker] INFO org.eclipse.jetty.server.Server - Started @2768ms
[qtp2064833352-131] INFO /__admin - RequestHandlerClass from context returned com.github.tomakehurst.wiremock.http.AdminRequestHandler. Normalized mapped under returned 'null'
[qtp2064833352-132] INFO / - RequestHandlerClass from context returned com.github.tomakehurst.wiremock.http.StubRequestHandler. Normalized mapped under returned 'null'
[Test worker] INFO org.eclipse.jetty.server.NetworkTrafficServerConnector - Stopped NetworkTrafficServerConnector@73c5ec46{HTTP/1.1}{0.0.0.0:8088}
[Test worker] INFO org.eclipse.jetty.server.handler.ContextHandler - Stopped o.e.j.s.ServletContextHandler@20c9d098{/,null,UNAVAILABLE}
[Test worker] INFO org.eclipse.jetty.server.handler.ContextHandler - Stopped o.e.j.s.ServletContextHandler@64e6e720{/__admin,null,UNAVAILABLE}
[Test worker] WARN org.eclipse.jetty.util.thread.QueuedThreadPool - qtp2064833352{STOPPING,8<=8<=10,i=7,q=7} Couldn't stop Thread[qtp2064833352-128,5,]
[Test worker] WARN org.eclipse.jetty.util.thread.QueuedThreadPool - qtp2064833352{STOPPING,8<=8<=10,i=0,q=6} Couldn't stop Thread[qtp2064833352-133,5,]
[Test worker] INFO org.eclipse.jetty.server.Server - jetty-9.2.24.v20180105
[Test worker] INFO org.eclipse.jetty.server.handler.ContextHandler - Started o.e.j.s.ServletContextHandler@3b21d211{/__admin,null,AVAILABLE}
[Test worker] INFO org.eclipse.jetty.server.handler.ContextHandler - Started o.e.j.s.ServletContextHandler@78c4f2b5{/,null,AVAILABLE}
[Test worker] INFO org.eclipse.jetty.server.NetworkTrafficServerConnector - Started NetworkTrafficServerConnector@4dc006e6{HTTP/1.1}{0.0.0.0:8088}
[Test worker] INFO org.eclipse.jetty.server.Server - Started @2820ms
[qtp1037103166-142] INFO /__admin - RequestHandlerClass from context returned com.github.tomakehurst.wiremock.http.AdminRequestHandler. Normalized mapped under returned 'null'
[qtp1037103166-143] INFO / - RequestHandlerClass from context returned com.github.tomakehurst.wiremock.http.StubRequestHandler. Normalized mapped under returned 'null'
[Test worker] INFO com.learnwiremock.service.MoviesRestClient -  Movie SuccessFully updated Movie(movie_id=1, name=Batman Begins, year=2005, cast=Christian Bale, Heath Ledger , Michael Caine, Tom Hardy, release_date=2005-06-15) 
[Test worker] INFO org.eclipse.jetty.server.NetworkTrafficServerConnector - Stopped NetworkTrafficServerConnector@4dc006e6{HTTP/1.1}{0.0.0.0:8088}
[Test worker] INFO org.eclipse.jetty.server.handler.ContextHandler - Stopped o.e.j.s.ServletContextHandler@78c4f2b5{/,null,UNAVAILABLE}
[Test worker] INFO org.eclipse.jetty.server.handler.ContextHandler - Stopped o.e.j.s.ServletContextHandler@3b21d211{/__admin,null,UNAVAILABLE}
[Test worker] WARN org.eclipse.jetty.util.thread.QueuedThreadPool - qtp1037103166{STOPPING,8<=8<=10,i=5,q=5} Couldn't stop Thread[qtp1037103166-139,5,]
[Test worker] WARN org.eclipse.jetty.util.thread.QueuedThreadPool - qtp1037103166{STOPPING,8<=8<=10,i=0,q=4} Couldn't stop Thread[qtp1037103166-143,5,]
[Test worker] INFO org.eclipse.jetty.server.Server - jetty-9.2.24.v20180105
[Test worker] INFO org.eclipse.jetty.server.handler.ContextHandler - Started o.e.j.s.ServletContextHandler@5311b385{/__admin,null,AVAILABLE}
[Test worker] INFO org.eclipse.jetty.server.handler.ContextHandler - Started o.e.j.s.ServletContextHandler@60cf30f0{/,null,AVAILABLE}
[Test worker] INFO org.eclipse.jetty.server.NetworkTrafficServerConnector - Started NetworkTrafficServerConnector@3e9c3af7{HTTP/1.1}{0.0.0.0:8088}
[Test worker] INFO org.eclipse.jetty.server.Server - Started @2851ms
[qtp1522441586-152] INFO /__admin - RequestHandlerClass from context returned com.github.tomakehurst.wiremock.http.AdminRequestHandler. Normalized mapped under returned 'null'
[qtp1522441586-153] INFO / - RequestHandlerClass from context returned com.github.tomakehurst.wiremock.http.StubRequestHandler. Normalized mapped under returned 'null'
[Test worker] INFO org.eclipse.jetty.server.NetworkTrafficServerConnector - Stopped NetworkTrafficServerConnector@3e9c3af7{HTTP/1.1}{0.0.0.0:8088}
[Test worker] INFO org.eclipse.jetty.server.handler.ContextHandler - Stopped o.e.j.s.ServletContextHandler@60cf30f0{/,null,UNAVAILABLE}
[Test worker] INFO org.eclipse.jetty.server.handler.ContextHandler - Stopped o.e.j.s.ServletContextHandler@5311b385{/__admin,null,UNAVAILABLE}
[Test worker] WARN org.eclipse.jetty.util.thread.QueuedThreadPool - qtp1522441586{STOPPING,8<=8<=10,i=7,q=7} Couldn't stop Thread[qtp1522441586-153,5,]
[Test worker] WARN org.eclipse.jetty.util.thread.QueuedThreadPool - qtp1522441586{STOPPING,8<=8<=10,i=2,q=6} Couldn't stop Thread[qtp1522441586-154,5,]
[Test worker] WARN org.eclipse.jetty.util.thread.QueuedThreadPool - qtp1522441586{STOPPING,8<=8<=10,i=0,q=6} Couldn't stop Thread[qtp1522441586-157,5,]
[Test worker] INFO org.eclipse.jetty.server.Server - jetty-9.2.24.v20180105
[Test worker] INFO org.eclipse.jetty.server.handler.ContextHandler - Started o.e.j.s.ServletContextHandler@795d03b9{/__admin,null,AVAILABLE}
[Test worker] INFO org.eclipse.jetty.server.handler.ContextHandler - Started o.e.j.s.ServletContextHandler@410a4502{/,null,AVAILABLE}
[Test worker] INFO org.eclipse.jetty.server.NetworkTrafficServerConnector - Started NetworkTrafficServerConnector@505bc651{HTTP/1.1}{0.0.0.0:8088}
[Test worker] INFO org.eclipse.jetty.server.Server - Started @2884ms
[qtp588116473-163] INFO /__admin - RequestHandlerClass from context returned com.github.tomakehurst.wiremock.http.AdminRequestHandler. Normalized mapped under returned 'null'
[qtp588116473-164] INFO / - RequestHandlerClass from context returned com.github.tomakehurst.wiremock.http.StubRequestHandler. Normalized mapped under returned 'null'
[Test worker] ERROR com.learnwiremock.service.MoviesRestClient - WebClientResponseException - Exception is org.springframework.web.reactive.function.client.WebClientResponseException$NotFound: 404 Not Found and the Error Message is : {
  "timestamp": "2019-09-06T10:25:03Z",
  "status": 404,
  "error": "Not Found",
  "message": "No Movie Available with the given name - ABC",
  "path": "/movieservice/v1/movie/100"
}
[Test worker] INFO org.eclipse.jetty.server.NetworkTrafficServerConnector - Stopped NetworkTrafficServerConnector@505bc651{HTTP/1.1}{0.0.0.0:8088}
[Test worker] INFO org.eclipse.jetty.server.handler.ContextHandler - Stopped o.e.j.s.ServletContextHandler@410a4502{/,null,UNAVAILABLE}
[Test worker] INFO org.eclipse.jetty.server.handler.ContextHandler - Stopped o.e.j.s.ServletContextHandler@795d03b9{/__admin,null,UNAVAILABLE}
[Test worker] WARN org.eclipse.jetty.util.thread.QueuedThreadPool - qtp588116473{STOPPING,8<=8<=10,i=6,q=6} Couldn't stop Thread[qtp588116473-164,5,]
[Test worker] WARN org.eclipse.jetty.util.thread.QueuedThreadPool - qtp588116473{STOPPING,8<=8<=10,i=0,q=5} Couldn't stop Thread[qtp588116473-160,5,]
[Test worker] INFO org.eclipse.jetty.server.Server - jetty-9.2.24.v20180105
[Test worker] INFO org.eclipse.jetty.server.handler.ContextHandler - Started o.e.j.s.ServletContextHandler@6445d824{/__admin,null,AVAILABLE}
[Test worker] INFO org.eclipse.jetty.server.handler.ContextHandler - Started o.e.j.s.ServletContextHandler@12935ec2{/,null,AVAILABLE}
[Test worker] INFO org.eclipse.jetty.server.NetworkTrafficServerConnector - Started NetworkTrafficServerConnector@58dd204c{HTTP/1.1}{0.0.0.0:8088}
[Test worker] INFO org.eclipse.jetty.server.Server - Started @2912ms
[qtp898669486-174] INFO /__admin - RequestHandlerClass from context returned com.github.tomakehurst.wiremock.http.AdminRequestHandler. Normalized mapped under returned 'null'
[qtp898669486-175] INFO / - RequestHandlerClass from context returned com.github.tomakehurst.wiremock.http.StubRequestHandler. Normalized mapped under returned 'null'
[Test worker] INFO org.eclipse.jetty.server.NetworkTrafficServerConnector - Stopped NetworkTrafficServerConnector@58dd204c{HTTP/1.1}{0.0.0.0:8088}
[Test worker] INFO org.eclipse.jetty.server.handler.ContextHandler - Stopped o.e.j.s.ServletContextHandler@12935ec2{/,null,UNAVAILABLE}
[Test worker] INFO org.eclipse.jetty.server.handler.ContextHandler - Stopped o.e.j.s.ServletContextHandler@6445d824{/__admin,null,UNAVAILABLE}
[Test worker] WARN org.eclipse.jetty.util.thread.QueuedThreadPool - qtp898669486{STOPPING,8<=8<=10,i=7,q=7} Couldn't stop Thread[qtp898669486-170,5,]
[Test worker] WARN org.eclipse.jetty.util.thread.QueuedThreadPool - qtp898669486{STOPPING,8<=8<=10,i=2,q=6} Couldn't stop Thread[qtp898669486-179,5,]
[Test worker] WARN org.eclipse.jetty.util.thread.QueuedThreadPool - qtp898669486{STOPPING,8<=8<=10,i=0,q=6} Couldn't stop Thread[qtp898669486-176,5,]
[Test worker] INFO org.eclipse.jetty.server.Server - jetty-9.2.24.v20180105
[Test worker] INFO org.eclipse.jetty.server.handler.ContextHandler - Started o.e.j.s.ServletContextHandler@2f8cd8ee{/__admin,null,AVAILABLE}
[Test worker] INFO org.eclipse.jetty.server.handler.ContextHandler - Started o.e.j.s.ServletContextHandler@4df9dad7{/,null,AVAILABLE}
[Test worker] INFO org.eclipse.jetty.server.NetworkTrafficServerConnector - Started NetworkTrafficServerConnector@4fb202e{HTTP/1.1}{0.0.0.0:8088}
[Test worker] INFO org.eclipse.jetty.server.Server - Started @2939ms
[qtp1518984673-185] INFO /__admin - RequestHandlerClass from context returned com.github.tomakehurst.wiremock.http.AdminRequestHandler. Normalized mapped under returned 'null'
[qtp1518984673-186] INFO / - RequestHandlerClass from context returned com.github.tomakehurst.wiremock.http.StubRequestHandler. Normalized mapped under returned 'null'
[Test worker] INFO com.learnwiremock.service.MoviesRestClient - New Movie SuccessFully addded Movie(movie_id=11, name=Toy Story 4, year=2019, cast=Tom Hanks, Tim Allen, release_date=2019-06-20) 
[Test worker] INFO org.eclipse.jetty.server.NetworkTrafficServerConnector - Stopped NetworkTrafficServerConnector@4fb202e{HTTP/1.1}{0.0.0.0:8088}
[Test worker] INFO org.eclipse.jetty.server.handler.ContextHandler - Stopped o.e.j.s.ServletContextHandler@4df9dad7{/,null,UNAVAILABLE}
[Test worker] INFO org.eclipse.jetty.server.handler.ContextHandler - Stopped o.e.j.s.ServletContextHandler@2f8cd8ee{/__admin,null,UNAVAILABLE}
[Test worker] WARN org.eclipse.jetty.util.thread.QueuedThreadPool - qtp1518984673{STOPPING,8<=8<=10,i=7,q=7} Couldn't stop Thread[qtp1518984673-186,5,main]
[Test worker] WARN org.eclipse.jetty.util.thread.QueuedThreadPool - qtp1518984673{STOPPING,8<=8<=10,i=2,q=6} Couldn't stop Thread[qtp1518984673-185,5,]
[Test worker] WARN org.eclipse.jetty.util.thread.QueuedThreadPool - qtp1518984673{STOPPING,8<=8<=10,i=0,q=6} Couldn't stop Thread[qtp1518984673-190,5,]
[Test worker] INFO org.eclipse.jetty.server.Server - jetty-9.2.24.v20180105
[Test worker] INFO org.eclipse.jetty.server.handler.ContextHandler - Started o.e.j.s.ServletContextHandler@238293a2{/__admin,null,AVAILABLE}
[Test worker] INFO org.eclipse.jetty.server.handler.ContextHandler - Started o.e.j.s.ServletContextHandler@1d01d137{/,null,AVAILABLE}
[Test worker] INFO org.eclipse.jetty.server.NetworkTrafficServerConnector - Started NetworkTrafficServerConnector@157f95fe{HTTP/1.1}{0.0.0.0:8088}
[Test worker] INFO org.eclipse.jetty.server.Server - Started @2968ms
[qtp1429149053-196] INFO /__admin - RequestHandlerClass from context returned com.github.tomakehurst.wiremock.http.AdminRequestHandler. Normalized mapped under returned 'null'
[qtp1429149053-197] INFO / - RequestHandlerClass from context returned com.github.tomakehurst.wiremock.http.StubRequestHandler. Normalized mapped under returned 'null'
[Test worker] INFO com.learnwiremock.service.MoviesRestClient - New Movie SuccessFully addded Movie(movie_id=11, name=Toy Story 4, year=2019, cast=Tom Hanks, Tim Allen, release_date=2019-06-20) 
[Test worker] INFO org.eclipse.jetty.server.NetworkTrafficServerConnector - Stopped NetworkTrafficServerConnector@157f95fe{HTTP/1.1}{0.0.0.0:8088}
[Test worker] INFO org.eclipse.jetty.server.handler.ContextHandler - Stopped o.e.j.s.ServletContextHandler@1d01d137{/,null,UNAVAILABLE}
[Test worker] INFO org.eclipse.jetty.server.handler.ContextHandler - Stopped o.e.j.s.ServletContextHandler@238293a2{/__admin,null,UNAVAILABLE}
[Test worker] WARN org.eclipse.jetty.util.thread.QueuedThreadPool - qtp1429149053{STOPPING,8<=8<=10,i=6,q=6} Couldn't stop Thread[qtp1429149053-197,5,main]
[Test worker] WARN org.eclipse.jetty.util.thread.QueuedThreadPool - qtp1429149053{STOPPING,8<=8<=10,i=2,q=5} Couldn't stop Thread[qtp1429149053-193,5,]
[Test worker] WARN org.eclipse.jetty.util.thread.QueuedThreadPool - qtp1429149053{STOPPING,8<=8<=10,i=0,q=5} Couldn't stop Thread[qtp1429149053-196,5,]
[Test worker] INFO org.eclipse.jetty.server.Server - jetty-9.2.24.v20180105
[Test worker] INFO org.eclipse.jetty.server.handler.ContextHandler - Started o.e.j.s.ServletContextHandler@e978c1e{/__admin,null,AVAILABLE}
[Test worker] INFO org.eclipse.jetty.server.handler.ContextHandler - Started o.e.j.s.ServletContextHandler@4423ff4{/,null,AVAILABLE}
[Test worker] INFO org.eclipse.jetty.server.NetworkTrafficServerConnector - Started NetworkTrafficServerConnector@3687a41e{HTTP/1.1}{0.0.0.0:8088}
[Test worker] INFO org.eclipse.jetty.server.Server - Started @2995ms
[qtp799195802-207] INFO /__admin - RequestHandlerClass from context returned com.github.tomakehurst.wiremock.http.AdminRequestHandler. Normalized mapped under returned 'null'
[qtp799195802-209] INFO / - RequestHandlerClass from context returned com.github.tomakehurst.wiremock.http.StubRequestHandler. Normalized mapped under returned 'null'
[Test worker] INFO org.eclipse.jetty.server.NetworkTrafficServerConnector - Stopped NetworkTrafficServerConnector@3687a41e{HTTP/1.1}{0.0.0.0:8088}
[Test worker] INFO org.eclipse.jetty.server.handler.ContextHandler - Stopped o.e.j.s.ServletContextHandler@4423ff4{/,null,UNAVAILABLE}
[Test worker] INFO org.eclipse.jetty.server.handler.ContextHandler - Stopped o.e.j.s.ServletContextHandler@e978c1e{/__admin,null,UNAVAILABLE}
[Test worker] WARN org.eclipse.jetty.util.thread.QueuedThreadPool - qtp799195802{STOPPING,8<=8<=10,i=6,q=7} Couldn't stop Thread[qtp799195802-203,5,]
[Test worker] WARN org.eclipse.jetty.util.thread.QueuedThreadPool - qtp799195802{STOPPING,8<=8<=10,i=0,q=6} Couldn't stop Thread[qtp799195802-210,5,]
[Test worker] INFO org.eclipse.jetty.server.Server - jetty-9.2.24.v20180105
[Test worker] INFO org.eclipse.jetty.server.handler.ContextHandler - Started o.e.j.s.ServletContextHandler@590dbc8a{/__admin,null,AVAILABLE}
[Test worker] INFO org.eclipse.jetty.server.handler.ContextHandler - Started o.e.j.s.ServletContextHandler@6eb85a2{/,null,AVAILABLE}
[Test worker] INFO org.eclipse.jetty.server.NetworkTrafficServerConnector - Started NetworkTrafficServerConnector@32368019{HTTP/1.1}{0.0.0.0:8088}
[Test worker] INFO org.eclipse.jetty.server.Server - Started @3034ms
[qtp1781520069-218] INFO /__admin - RequestHandlerClass from context returned com.github.tomakehurst.wiremock.http.AdminRequestHandler. Normalized mapped under returned 'null'
[qtp1781520069-219] INFO / - RequestHandlerClass from context returned com.github.tomakehurst.wiremock.http.StubRequestHandler. Normalized mapped under returned 'null'
[Test worker] INFO com.learnwiremock.service.MoviesRestClient - New Movie SuccessFully addded Movie(movie_id=11, name=Toy Story 4, year=2019, cast=Tom Hanks, Tim Allen, release_date=2019-06-20) 
[Test worker] INFO org.eclipse.jetty.server.NetworkTrafficServerConnector - Stopped NetworkTrafficServerConnector@32368019{HTTP/1.1}{0.0.0.0:8088}
[Test worker] INFO org.eclipse.jetty.server.handler.ContextHandler - Stopped o.e.j.s.ServletContextHandler@6eb85a2{/,null,UNAVAILABLE}
[Test worker] INFO org.eclipse.jetty.server.handler.ContextHandler - Stopped o.e.j.s.ServletContextHandler@590dbc8a{/__admin,null,UNAVAILABLE}
[Test worker] WARN org.eclipse.jetty.util.thread.QueuedThreadPool - qtp1781520069{STOPPING,8<=8<=10,i=5,q=6} Couldn't stop Thread[qtp1781520069-219,5,]
[Test worker] WARN org.eclipse.jetty.util.thread.QueuedThreadPool - qtp1781520069{STOPPING,8<=8<=10,i=2,q=5} Couldn't stop Thread[qtp1781520069-218,5,]
[Test worker] WARN org.eclipse.jetty.util.thread.QueuedThreadPool - qtp1781520069{STOPPING,8<=8<=10,i=0,q=5} Couldn't stop Thread[qtp1781520069-220,5,]
[Test worker] INFO org.eclipse.jetty.server.Server - jetty-9.2.24.v20180105
[Test worker] INFO org.eclipse.jetty.server.handler.ContextHandler - Started o.e.j.s.ServletContextHandler@1c0c1e69{/__admin,null,AVAILABLE}
[Test worker] INFO org.eclipse.jetty.server.handler.ContextHandler - Started o.e.j.s.ServletContextHandler@237048c7{/,null,AVAILABLE}
[Test worker] INFO org.eclipse.jetty.server.NetworkTrafficServerConnector - Started NetworkTrafficServerConnector@5ff3f596{HTTP/1.1}{0.0.0.0:8088}
[Test worker] INFO org.eclipse.jetty.server.Server - Started @3063ms
[qtp727127720-228] INFO /__admin - RequestHandlerClass from context returned com.github.tomakehurst.wiremock.http.AdminRequestHandler. Normalized mapped under returned 'null'
[qtp727127720-229] INFO / - RequestHandlerClass from context returned com.github.tomakehurst.wiremock.http.StubRequestHandler. Normalized mapped under returned 'null'
[Test worker] INFO org.eclipse.jetty.server.NetworkTrafficServerConnector - Stopped NetworkTrafficServerConnector@5ff3f596{HTTP/1.1}{0.0.0.0:8088}
[Test worker] INFO org.eclipse.jetty.server.handler.ContextHandler - Stopped o.e.j.s.ServletContextHandler@237048c7{/,null,UNAVAILABLE}
[Test worker] INFO org.eclipse.jetty.server.handler.ContextHandler - Stopped o.e.j.s.ServletContextHandler@1c0c1e69{/__admin,null,UNAVAILABLE}
[Test worker] WARN org.eclipse.jetty.util.thread.QueuedThreadPool - qtp727127720{STOPPING,8<=8<=10,i=6,q=6} Couldn't stop Thread[qtp727127720-224,5,main]
[Test worker] WARN org.eclipse.jetty.util.thread.QueuedThreadPool - qtp727127720{STOPPING,8<=8<=10,i=4,q=6} Couldn't stop Thread[qtp727127720-231,5,]
[Test worker] WARN org.eclipse.jetty.util.thread.QueuedThreadPool - qtp727127720{STOPPING,8<=8<=10,i=2,q=6} Couldn't stop Thread[qtp727127720-229,5,]
[Test worker] WARN org.eclipse.jetty.util.thread.QueuedThreadPool - qtp727127720{STOPPING,8<=8<=10,i=0,q=5} Couldn't stop Thread[qtp727127720-230,5,]
[Test worker] INFO org.eclipse.jetty.server.Server - jetty-9.2.24.v20180105
[Test worker] INFO org.eclipse.jetty.server.handler.ContextHandler - Started o.e.j.s.ServletContextHandler@471ea637{/__admin,null,AVAILABLE}
[Test worker] INFO org.eclipse.jetty.server.handler.ContextHandler - Started o.e.j.s.ServletContextHandler@3cc66cdc{/,null,AVAILABLE}
[Test worker] INFO org.eclipse.jetty.server.NetworkTrafficServerConnector - Started NetworkTrafficServerConnector@edb5a6d{HTTP/1.1}{0.0.0.0:8088}
[Test worker] INFO org.eclipse.jetty.server.Server - Started @3090ms
[qtp1817025037-239] INFO /__admin - RequestHandlerClass from context returned com.github.tomakehurst.wiremock.http.AdminRequestHandler. Normalized mapped under returned 'null'
[qtp1817025037-240] INFO / - RequestHandlerClass from context returned com.github.tomakehurst.wiremock.http.StubRequestHandler. Normalized mapped under returned 'null'
[Test worker] INFO org.eclipse.jetty.server.NetworkTrafficServerConnector - Stopped NetworkTrafficServerConnector@edb5a6d{HTTP/1.1}{0.0.0.0:8088}
[Test worker] INFO org.eclipse.jetty.server.handler.ContextHandler - Stopped o.e.j.s.ServletContextHandler@3cc66cdc{/,null,UNAVAILABLE}
[Test worker] INFO org.eclipse.jetty.server.handler.ContextHandler - Stopped o.e.j.s.ServletContextHandler@471ea637{/__admin,null,UNAVAILABLE}
[Test worker] WARN org.eclipse.jetty.util.thread.QueuedThreadPool - qtp1817025037{STOPPING,8<=8<=10,i=6,q=6} Couldn't stop Thread[qtp1817025037-244,5,]
[Test worker] WARN org.eclipse.jetty.util.thread.QueuedThreadPool - qtp1817025037{STOPPING,8<=8<=10,i=1,q=5} Couldn't stop Thread[qtp1817025037-235,5,]
[Test worker] WARN org.eclipse.jetty.util.thread.QueuedThreadPool - qtp1817025037{STOPPING,8<=8<=10,i=0,q=5} Couldn't stop Thread[qtp1817025037-236,5,]
[Test worker] INFO org.eclipse.jetty.server.Server - jetty-9.2.24.v20180105
[Test worker] INFO org.eclipse.jetty.server.handler.ContextHandler - Started o.e.j.s.ServletContextHandler@6ae57aee{/__admin,null,AVAILABLE}
[Test worker] INFO org.eclipse.jetty.server.handler.ContextHandler - Started o.e.j.s.ServletContextHandler@5dc0bd5a{/,null,AVAILABLE}
[Test worker] INFO org.eclipse.jetty.server.NetworkTrafficServerConnector - Started NetworkTrafficServerConnector@1c339e06{HTTP/1.1}{0.0.0.0:8088}
[Test worker] INFO org.eclipse.jetty.server.Server - Started @3115ms
[qtp1870682397-250] INFO /__admin - RequestHandlerClass from context returned com.github.tomakehurst.wiremock.http.AdminRequestHandler. Normalized mapped under returned 'null'
[qtp1870682397-251] INFO / - RequestHandlerClass from context returned com.github.tomakehurst.wiremock.http.StubRequestHandler. Normalized mapped under returned 'null'
[qtp1870682397-251] WARN org.eclipse.jetty.servlet.ServletHandler - /movieservice/v1/movie
java.io.FileNotFoundException: /Dilip/udemy/wiremock/codebase/movies-app-final/src/test/resources/__files/404.json (No such file or directory)
	at java.base/java.io.FileInputStream.open0(Native Method)
	at java.base/java.io.FileInputStream.open(FileInputStream.java:219)
	at java.base/java.io.FileInputStream.<init>(FileInputStream.java:157)
	at java.base/java.io.FileInputStream.<init>(FileInputStream.java:112)
	at java.base/sun.net.www.protocol.file.FileURLConnection.connect(FileURLConnection.java:86)
	at java.base/sun.net.www.protocol.file.FileURLConnection.getInputStream(FileURLConnection.java:184)
	at java.base/java.net.URL.openStream(URL.java:1129)
	at com.github.tomakehurst.wiremock.common.BinaryFile.getStream(BinaryFile.java:58)
	at com.github.tomakehurst.wiremock.common.BinaryFile.readContents(BinaryFile.java:35)
	at com.github.tomakehurst.wiremock.common.TextFile.readContentsAsString(TextFile.java:30)
	at com.github.tomakehurst.wiremock.extension.responsetemplating.ResponseTemplateTransformer.transform(ResponseTemplateTransformer.java:117)
	at com.github.tomakehurst.wiremock.stubbing.InMemoryStubMappings.applyTransformations(InMemoryStubMappings.java:91)
	at com.github.tomakehurst.wiremock.stubbing.InMemoryStubMappings.serveFor(InMemoryStubMappings.java:72)
	at com.github.tomakehurst.wiremock.core.WireMockApp.serveStubFor(WireMockApp.java:164)
	at com.github.tomakehurst.wiremock.http.StubRequestHandler.handleRequest(StubRequestHandler.java:50)
	at com.github.tomakehurst.wiremock.http.AbstractRequestHandler.handle(AbstractRequestHandler.java:47)
	at com.github.tomakehurst.wiremock.servlet.WireMockHandlerDispatchingServlet.service(WireMockHandlerDispatchingServlet.java:108)
	at javax.servlet.http.HttpServlet.service(HttpServlet.java:790)
	at org.eclipse.jetty.servlet.ServletHolder.handle(ServletHolder.java:812)
	at org.eclipse.jetty.servlet.ServletHandler.doHandle(ServletHandler.java:587)
	at org.eclipse.jetty.server.handler.ContextHandler.doHandle(ContextHandler.java:1127)
	at org.eclipse.jetty.servlet.ServletHandler.doScope(ServletHandler.java:515)
	at org.eclipse.jetty.server.handler.ContextHandler.doScope(ContextHandler.java:1061)
	at org.eclipse.jetty.server.handler.ScopedHandler.handle(ScopedHandler.java:141)
	at org.eclipse.jetty.servlets.gzip.GzipHandler.handle(GzipHandler.java:479)
	at org.eclipse.jetty.server.handler.HandlerCollection.handle(HandlerCollection.java:110)
	at org.eclipse.jetty.server.handler.HandlerWrapper.handle(HandlerWrapper.java:97)
	at org.eclipse.jetty.server.Server.handle(Server.java:499)
	at org.eclipse.jetty.server.HttpChannel.handle(HttpChannel.java:311)
	at org.eclipse.jetty.server.HttpConnection.onFillable(HttpConnection.java:258)
	at org.eclipse.jetty.io.AbstractConnection$2.run(AbstractConnection.java:544)
	at org.eclipse.jetty.util.thread.QueuedThreadPool.runJob(QueuedThreadPool.java:635)
	at org.eclipse.jetty.util.thread.QueuedThreadPool$3.run(QueuedThreadPool.java:555)
	at java.base/java.lang.Thread.run(Thread.java:834)
[Test worker] ERROR com.learnwiremock.service.MoviesRestClient - WebClientResponseException - Error Message is : org.springframework.web.reactive.function.client.WebClientResponseException$InternalServerError: 500 Internal Server Error , and the Error Response Body is <html>
<head>
<meta http-equiv="Content-Type" content="text/html; charset=UTF-8"/>
<title>Error 500 Server Error</title>
</head>
<body><h2>HTTP ERROR 500</h2>
<p>Problem accessing /movieservice/v1/movie. Reason:
<pre>    Server Error</pre></p><h3>Caused by:</h3><pre>java.io.FileNotFoundException: /Dilip/udemy/wiremock/codebase/movies-app-final/src/test/resources/__files/404.json (No such file or directory)
	at java.base/java.io.FileInputStream.open0(Native Method)
	at java.base/java.io.FileInputStream.open(FileInputStream.java:219)
	at java.base/java.io.FileInputStream.&lt;init&gt;(FileInputStream.java:157)
	at java.base/java.io.FileInputStream.&lt;init&gt;(FileInputStream.java:112)
	at java.base/sun.net.www.protocol.file.FileURLConnection.connect(FileURLConnection.java:86)
	at java.base/sun.net.www.protocol.file.FileURLConnection.getInputStream(FileURLConnection.java:184)
	at java.base/java.net.URL.openStream(URL.java:1129)
	at com.github.tomakehurst.wiremock.common.BinaryFile.getStream(BinaryFile.java:58)
	at com.github.tomakehurst.wiremock.common.BinaryFile.readContents(BinaryFile.java:35)
	at com.github.tomakehurst.wiremock.common.TextFile.readContentsAsString(TextFile.java:30)
	at com.github.tomakehurst.wiremock.extension.responsetemplating.ResponseTemplateTransformer.transform(ResponseTemplateTransformer.java:117)
	at com.github.tomakehurst.wiremock.stubbing.InMemoryStubMappings.applyTransformations(InMemoryStubMappings.java:91)
	at com.github.tomakehurst.wiremock.stubbing.InMemoryStubMappings.serveFor(InMemoryStubMappings.java:72)
	at com.github.tomakehurst.wiremock.core.WireMockApp.serveStubFor(WireMockApp.java:164)
	at com.github.tomakehurst.wiremock.http.StubRequestHandler.handleRequest(StubRequestHandler.java:50)
	at com.github.tomakehurst.wiremock.http.AbstractRequestHandler.handle(AbstractRequestHandler.java:47)
	at com.github.tomakehurst.wiremock.servlet.WireMockHandlerDispatchingServlet.service(WireMockHandlerDispatchingServlet.java:108)
	at javax.servlet.http.HttpServlet.service(HttpServlet.java:790)
	at org.eclipse.jetty.servlet.ServletHolder.handle(ServletHolder.java:812)
	at org.eclipse.jetty.servlet.ServletHandler.doHandle(ServletHandler.java:587)
	at org.eclipse.jetty.server.handler.ContextHandler.doHandle(ContextHandler.java:1127)
	at org.eclipse.jetty.servlet.ServletHandler.doScope(ServletHandler.java:515)
	at org.eclipse.jetty.server.handler.ContextHandler.doScope(ContextHandler.java:1061)
	at org.eclipse.jetty.server.handler.ScopedHandler.handle(ScopedHandler.java:141)
	at org.eclipse.jetty.servlets.gzip.GzipHandler.handle(GzipHandler.java:479)
	at org.eclipse.jetty.server.handler.HandlerCollection.handle(HandlerCollection.java:110)
	at org.eclipse.jetty.server.handler.HandlerWrapper.handle(HandlerWrapper.java:97)
	at org.eclipse.jetty.server.Server.handle(Server.java:499)
	at org.eclipse.jetty.server.HttpChannel.handle(HttpChannel.java:311)
	at org.eclipse.jetty.server.HttpConnection.onFillable(HttpConnection.java:258)
	at org.eclipse.jetty.io.AbstractConnection$2.run(AbstractConnection.java:544)
	at org.eclipse.jetty.util.thread.QueuedThreadPool.runJob(QueuedThreadPool.java:635)
	at org.eclipse.jetty.util.thread.QueuedThreadPool$3.run(QueuedThreadPool.java:555)
	at java.base/java.lang.Thread.run(Thread.java:834)
</pre>
<hr><i><small>Powered by Jetty://</small></i><hr/>

</body>
</html>

[Test worker] INFO org.eclipse.jetty.server.NetworkTrafficServerConnector - Stopped NetworkTrafficServerConnector@1c339e06{HTTP/1.1}{0.0.0.0:8088}
[Test worker] INFO org.eclipse.jetty.server.handler.ContextHandler - Stopped o.e.j.s.ServletContextHandler@5dc0bd5a{/,null,UNAVAILABLE}
[Test worker] INFO org.eclipse.jetty.server.handler.ContextHandler - Stopped o.e.j.s.ServletContextHandler@6ae57aee{/__admin,null,UNAVAILABLE}
[Test worker] WARN org.eclipse.jetty.util.thread.QueuedThreadPool - qtp1870682397{STOPPING,8<=8<=10,i=6,q=6} Couldn't stop Thread[qtp1870682397-247,5,]
[Test worker] WARN org.eclipse.jetty.util.thread.QueuedThreadPool - qtp1870682397{STOPPING,8<=8<=10,i=4,q=6} Couldn't stop Thread[qtp1870682397-253,5,]
[Test worker] WARN org.eclipse.jetty.util.thread.QueuedThreadPool - qtp1870682397{STOPPING,8<=8<=10,i=2,q=5} Couldn't stop Thread[qtp1870682397-248,5,]
[Test worker] WARN org.eclipse.jetty.util.thread.QueuedThreadPool - qtp1870682397{STOPPING,8<=8<=10,i=0,q=5} Couldn't stop Thread[qtp1870682397-246,5,]
]]></system-err>
</testsuite>
