<?xml version="1.0" encoding="UTF-8"?>
<testsuite name="com.learnwiremock.service.MoviesRestClientTest" tests="1" skipped="0" failures="0" errors="0" timestamp="2019-08-24T11:21:50" hostname="Dilips-MacBook-Pro.local" time="0.929">
  <properties/>
  <testcase name="retrieveMovieById_notFound()" classname="com.learnwiremock.service.MoviesRestClientTest" time="0.929"/>
  <system-out><![CDATA[]]></system-out>
  <system-err><![CDATA[[Test worker] ERROR com.learnwiremock.service.MoviesRestClient - WebClientResponseException in retrieveMovieById. Status code is 404 and the message is {"timestamp":"2019-08-24T11:21:51.326+0000","status":404,"error":"Not Found","message":"No Movie Available with the given Id - 100","path":"/movieservice/v1/movie/100"} 
]]></system-err>
</testsuite>
